This is pdfTeX, Version 3.1415926-2.4-1.40.13 (TeX Live 2012) (format=pdflatex 2013.1.8)  6 JUN 2013 14:15
entering extended mode
 restricted \write18 enabled.
 %&-line parsing enabled.
**proposal.tex
(./proposal.tex
LaTeX2e <2011/06/27>
Babel <v3.8m> and hyphenation patterns for english, dumylang, nohyphenation, ge
rman-x-2012-05-30, ngerman-x-2012-05-30, afrikaans, ancientgreek, ibycus, arabi
c, armenian, basque, bulgarian, catalan, pinyin, coptic, croatian, czech, danis
h, dutch, ukenglish, usenglishmax, esperanto, estonian, ethiopic, farsi, finnis
h, french, friulan, galician, german, ngerman, swissgerman, monogreek, greek, h
ungarian, icelandic, assamese, bengali, gujarati, hindi, kannada, malayalam, ma
rathi, oriya, panjabi, tamil, telugu, indonesian, interlingua, irish, italian, 
kurmanji, latin, latvian, lithuanian, mongolian, mongolianlmc, bokmal, nynorsk,
 polish, portuguese, romanian, romansh, russian, sanskrit, serbian, serbianc, s
lovak, slovenian, spanish, swedish, turkish, turkmen, ukrainian, uppersorbian, 
welsh, loaded.
(/usr/local/texlive/2012/texmf-dist/tex/latex/base/article.cls
Document Class: article 2007/10/19 v1.4h Standard LaTeX document class
(/usr/local/texlive/2012/texmf-dist/tex/latex/base/size12.clo
File: size12.clo 2007/10/19 v1.4h Standard LaTeX file (size option)
)
\c@part=\count79
\c@section=\count80
\c@subsection=\count81
\c@subsubsection=\count82
\c@paragraph=\count83
\c@subparagraph=\count84
\c@figure=\count85
\c@table=\count86
\abovecaptionskip=\skip41
\belowcaptionskip=\skip42
\bibindent=\dimen102
)
(/usr/local/texlive/2012/texmf-dist/tex/latex/geometry/geometry.sty
Package: geometry 2010/09/12 v5.6 Page Geometry

(/usr/local/texlive/2012/texmf-dist/tex/latex/graphics/keyval.sty
Package: keyval 1999/03/16 v1.13 key=value parser (DPC)
\KV@toks@=\toks14
)
(/usr/local/texlive/2012/texmf-dist/tex/generic/oberdiek/ifpdf.sty
Package: ifpdf 2011/01/30 v2.3 Provides the ifpdf switch (HO)
Package ifpdf Info: pdfTeX in PDF mode is detected.
)
(/usr/local/texlive/2012/texmf-dist/tex/generic/oberdiek/ifvtex.sty
Package: ifvtex 2010/03/01 v1.5 Detect VTeX and its facilities (HO)
Package ifvtex Info: VTeX not detected.
)
(/usr/local/texlive/2012/texmf-dist/tex/generic/ifxetex/ifxetex.sty
Package: ifxetex 2010/09/12 v0.6 Provides ifxetex conditional
)
\Gm@cnth=\count87
\Gm@cntv=\count88
\c@Gm@tempcnt=\count89
\Gm@bindingoffset=\dimen103
\Gm@wd@mp=\dimen104
\Gm@odd@mp=\dimen105
\Gm@even@mp=\dimen106
\Gm@layoutwidth=\dimen107
\Gm@layoutheight=\dimen108
\Gm@layouthoffset=\dimen109
\Gm@layoutvoffset=\dimen110
\Gm@dimlist=\toks15
)
(/usr/local/texlive/2012/texmf-dist/tex/latex/fancyhdr/fancyhdr.sty
\fancy@headwidth=\skip43
\f@ncyO@elh=\skip44
\f@ncyO@erh=\skip45
\f@ncyO@olh=\skip46
\f@ncyO@orh=\skip47
\f@ncyO@elf=\skip48
\f@ncyO@erf=\skip49
\f@ncyO@olf=\skip50
\f@ncyO@orf=\skip51
)
(/usr/local/texlive/2012/texmf-dist/tex/latex/graphics/graphicx.sty
Package: graphicx 1999/02/16 v1.0f Enhanced LaTeX Graphics (DPC,SPQR)

(/usr/local/texlive/2012/texmf-dist/tex/latex/graphics/graphics.sty
Package: graphics 2009/02/05 v1.0o Standard LaTeX Graphics (DPC,SPQR)

(/usr/local/texlive/2012/texmf-dist/tex/latex/graphics/trig.sty
Package: trig 1999/03/16 v1.09 sin cos tan (DPC)
)
(/usr/local/texlive/2012/texmf-dist/tex/latex/latexconfig/graphics.cfg
File: graphics.cfg 2010/04/23 v1.9 graphics configuration of TeX Live
)
Package graphics Info: Driver file: pdftex.def on input line 91.

(/usr/local/texlive/2012/texmf-dist/tex/latex/pdftex-def/pdftex.def
File: pdftex.def 2011/05/27 v0.06d Graphics/color for pdfTeX

(/usr/local/texlive/2012/texmf-dist/tex/generic/oberdiek/infwarerr.sty
Package: infwarerr 2010/04/08 v1.3 Providing info/warning/error messages (HO)
)
(/usr/local/texlive/2012/texmf-dist/tex/generic/oberdiek/ltxcmds.sty
Package: ltxcmds 2011/11/09 v1.22 LaTeX kernel commands for general use (HO)
)
\Gread@gobject=\count90
))
\Gin@req@height=\dimen111
\Gin@req@width=\dimen112
)
(/usr/local/texlive/2012/texmf-dist/tex/latex/subfigure/subfigure.sty
Package: subfigure 2002/03/15 v2.1.5 subfigure package
\subfigtopskip=\skip52
\subfigcapskip=\skip53
\subfigcaptopadj=\dimen113
\subfigbottomskip=\skip54
\subfigcapmargin=\dimen114
\subfiglabelskip=\skip55
\c@subfigure=\count91
\c@lofdepth=\count92
\c@subtable=\count93
\c@lotdepth=\count94

****************************************
* Local config file subfigure.cfg used *
****************************************
(/usr/local/texlive/2012/texmf-dist/tex/latex/subfigure/subfigure.cfg)
\subfig@top=\skip56
\subfig@bottom=\skip57
)
(/usr/local/texlive/2012/texmf-dist/tex/latex/listings/listings.sty
\lst@mode=\count95
\lst@gtempboxa=\box26
\lst@token=\toks16
\lst@length=\count96
\lst@currlwidth=\dimen115
\lst@column=\count97
\lst@pos=\count98
\lst@lostspace=\dimen116
\lst@width=\dimen117
\lst@newlines=\count99
\lst@lineno=\count100
\lst@maxwidth=\dimen118

(/usr/local/texlive/2012/texmf-dist/tex/latex/listings/lstmisc.sty
File: lstmisc.sty 2007/02/22 1.4 (Carsten Heinz)
\c@lstnumber=\count101
\lst@skipnumbers=\count102
\lst@framebox=\box27
)
(/usr/local/texlive/2012/texmf-dist/tex/latex/listings/listings.cfg
File: listings.cfg 2007/02/22 1.4 listings configuration
))
Package: listings 2007/02/22 1.4 (Carsten Heinz)

(/usr/local/texlive/2012/texmf-dist/tex/latex/mh/mathtools.sty
Package: mathtools 2012/04/24 v1.12 mathematical typesetting tools

(/usr/local/texlive/2012/texmf-dist/tex/latex/tools/calc.sty
Package: calc 2007/08/22 v4.3 Infix arithmetic (KKT,FJ)
\calc@Acount=\count103
\calc@Bcount=\count104
\calc@Adimen=\dimen119
\calc@Bdimen=\dimen120
\calc@Askip=\skip58
\calc@Bskip=\skip59
LaTeX Info: Redefining \setlength on input line 76.
LaTeX Info: Redefining \addtolength on input line 77.
\calc@Ccount=\count105
\calc@Cskip=\skip60
)
(/usr/local/texlive/2012/texmf-dist/tex/latex/mh/mhsetup.sty
Package: mhsetup 2010/01/21 v1.2a programming setup (MH)
)
(/usr/local/texlive/2012/texmf-dist/tex/latex/amsmath/amsmath.sty
Package: amsmath 2000/07/18 v2.13 AMS math features
\@mathmargin=\skip61

For additional information on amsmath, use the `?' option.
(/usr/local/texlive/2012/texmf-dist/tex/latex/amsmath/amstext.sty
Package: amstext 2000/06/29 v2.01

(/usr/local/texlive/2012/texmf-dist/tex/latex/amsmath/amsgen.sty
File: amsgen.sty 1999/11/30 v2.0
\@emptytoks=\toks17
\ex@=\dimen121
))
(/usr/local/texlive/2012/texmf-dist/tex/latex/amsmath/amsbsy.sty
Package: amsbsy 1999/11/29 v1.2d
\pmbraise@=\dimen122
)
(/usr/local/texlive/2012/texmf-dist/tex/latex/amsmath/amsopn.sty
Package: amsopn 1999/12/14 v2.01 operator names
)
\inf@bad=\count106
LaTeX Info: Redefining \frac on input line 211.
\uproot@=\count107
\leftroot@=\count108
LaTeX Info: Redefining \overline on input line 307.
\classnum@=\count109
\DOTSCASE@=\count110
LaTeX Info: Redefining \ldots on input line 379.
LaTeX Info: Redefining \dots on input line 382.
LaTeX Info: Redefining \cdots on input line 467.
\Mathstrutbox@=\box28
\strutbox@=\box29
\big@size=\dimen123
LaTeX Font Info:    Redeclaring font encoding OML on input line 567.
LaTeX Font Info:    Redeclaring font encoding OMS on input line 568.
\macc@depth=\count111
\c@MaxMatrixCols=\count112
\dotsspace@=\muskip10
\c@parentequation=\count113
\dspbrk@lvl=\count114
\tag@help=\toks18
\row@=\count115
\column@=\count116
\maxfields@=\count117
\andhelp@=\toks19
\eqnshift@=\dimen124
\alignsep@=\dimen125
\tagshift@=\dimen126
\tagwidth@=\dimen127
\totwidth@=\dimen128
\lineht@=\dimen129
\@envbody=\toks20
\multlinegap=\skip62
\multlinetaggap=\skip63
\mathdisplay@stack=\toks21
LaTeX Info: Redefining \[ on input line 2666.
LaTeX Info: Redefining \] on input line 2667.
)
\g_MT_multlinerow_int=\count118
\l_MT_multwidth_dim=\dimen130
\origjot=\skip64
\l_MT_shortvdotswithinadjustabove_dim=\dimen131
\l_MT_shortvdotswithinadjustbelow_dim=\dimen132
\l_MT_above_intertext_dim=\dimen133
\l_MT_below_intertext_dim=\dimen134
\l_MT_above_shortintertext_dim=\dimen135
\l_MT_below_shortintertext_dim=\dimen136
)
(/usr/local/texlive/2012/texmf-dist/tex/latex/setspace/setspace.sty
Package: setspace 2011/12/19 v6.7a set line spacing
)
(/usr/local/texlive/2012/texmf-dist/tex/latex/easylist/easylist.sty
Package: easylist 2010/02/28 v.1.3 Numbered items with a single command.
\el@CounterTotal=\count119
\el@Scratch=\count120
\el@ControlCounter=\count121
\el@CounterLevel=\count122
\c@List1=\count123
\c@List2=\count124
\c@List3=\count125
\c@List4=\count126
\c@List5=\count127
\c@List6=\count128
\c@List7=\count129
\c@List8=\count130
\c@List9=\count131
\c@List10=\count132
\el@ProgressiveDimension=\dimen137
\el@CounterBox=\box30
\el@ControlBox=\box31
\el@TotalMargin=\dimen138
\el@LeftMove=\dimen139
)
(/usr/local/texlive/2012/texmf-dist/tex/latex/natbib/natbib.sty
Package: natbib 2010/09/13 8.31b (PWD, AO)
\bibhang=\skip65
\bibsep=\skip66
LaTeX Info: Redefining \cite on input line 694.
\c@NAT@ctr=\count133
)
(./proposal.aux)
\openout1 = `proposal.aux'.

LaTeX Font Info:    Checking defaults for OML/cmm/m/it on input line 17.
LaTeX Font Info:    ... okay on input line 17.
LaTeX Font Info:    Checking defaults for T1/cmr/m/n on input line 17.
LaTeX Font Info:    ... okay on input line 17.
LaTeX Font Info:    Checking defaults for OT1/cmr/m/n on input line 17.
LaTeX Font Info:    ... okay on input line 17.
LaTeX Font Info:    Checking defaults for OMS/cmsy/m/n on input line 17.
LaTeX Font Info:    ... okay on input line 17.
LaTeX Font Info:    Checking defaults for OMX/cmex/m/n on input line 17.
LaTeX Font Info:    ... okay on input line 17.
LaTeX Font Info:    Checking defaults for U/cmr/m/n on input line 17.
LaTeX Font Info:    ... okay on input line 17.

*geometry* driver: auto-detecting
*geometry* detected driver: pdftex
*geometry* verbose mode - [ preamble ] result:
* driver: pdftex
* paper: <default>
* layout: <same size as paper>
* layoutoffset:(h,v)=(0.0pt,0.0pt)
* modes: 
* h-part:(L,W,R)=(108.405pt, 433.62001pt, 72.26999pt)
* v-part:(T,H,B)=(72.26999pt, 650.43001pt, 72.26999pt)
* \paperwidth=614.295pt
* \paperheight=794.96999pt
* \textwidth=433.62001pt
* \textheight=650.43001pt
* \oddsidemargin=36.13501pt
* \evensidemargin=36.13501pt
* \topmargin=-37.0pt
* \headheight=12.0pt
* \headsep=25.0pt
* \topskip=12.0pt
* \footskip=30.0pt
* \marginparwidth=44.0pt
* \marginparsep=10.0pt
* \columnsep=10.0pt
* \skip\footins=10.8pt plus 4.0pt minus 2.0pt
* \hoffset=0.0pt
* \voffset=0.0pt
* \mag=1000
* \@twocolumnfalse
* \@twosidefalse
* \@mparswitchfalse
* \@reversemarginfalse
* (1in=72.27pt=25.4mm, 1cm=28.453pt)

(/usr/local/texlive/2012/texmf-dist/tex/context/base/supp-pdf.mkii
[Loading MPS to PDF converter (version 2006.09.02).]
\scratchcounter=\count134
\scratchdimen=\dimen140
\scratchbox=\box32
\nofMPsegments=\count135
\nofMParguments=\count136
\everyMPshowfont=\toks22
\MPscratchCnt=\count137
\MPscratchDim=\dimen141
\MPnumerator=\count138
\makeMPintoPDFobject=\count139
\everyMPtoPDFconversion=\toks23
) (/usr/local/texlive/2012/texmf-dist/tex/generic/oberdiek/pdftexcmds.sty
Package: pdftexcmds 2011/11/29 v0.20 Utility functions of pdfTeX for LuaTeX (HO
)

(/usr/local/texlive/2012/texmf-dist/tex/generic/oberdiek/ifluatex.sty
Package: ifluatex 2010/03/01 v1.3 Provides the ifluatex switch (HO)
Package ifluatex Info: LuaTeX not detected.
)
Package pdftexcmds Info: LuaTeX not detected.
Package pdftexcmds Info: \pdf@primitive is available.
Package pdftexcmds Info: \pdf@ifprimitive is available.
Package pdftexcmds Info: \pdfdraftmode found.
)
(/usr/local/texlive/2012/texmf-dist/tex/latex/oberdiek/epstopdf-base.sty
Package: epstopdf-base 2010/02/09 v2.5 Base part for package epstopdf

(/usr/local/texlive/2012/texmf-dist/tex/latex/oberdiek/grfext.sty
Package: grfext 2010/08/19 v1.1 Manage graphics extensions (HO)

(/usr/local/texlive/2012/texmf-dist/tex/generic/oberdiek/kvdefinekeys.sty
Package: kvdefinekeys 2011/04/07 v1.3 Define keys (HO)
))
(/usr/local/texlive/2012/texmf-dist/tex/latex/oberdiek/kvoptions.sty
Package: kvoptions 2011/06/30 v3.11 Key value format for package options (HO)

(/usr/local/texlive/2012/texmf-dist/tex/generic/oberdiek/kvsetkeys.sty
Package: kvsetkeys 2012/04/25 v1.16 Key value parser (HO)

(/usr/local/texlive/2012/texmf-dist/tex/generic/oberdiek/etexcmds.sty
Package: etexcmds 2011/02/16 v1.5 Avoid name clashes with e-TeX commands (HO)
Package etexcmds Info: Could not find \expanded.
(etexcmds)             That can mean that you are not using pdfTeX 1.50 or
(etexcmds)             that some package has redefined \expanded.
(etexcmds)             In the latter case, load this package earlier.
)))
Package grfext Info: Graphics extension search list:
(grfext)             [.png,.pdf,.jpg,.mps,.jpeg,.jbig2,.jb2,.PNG,.PDF,.JPG,.JPE
G,.JBIG2,.JB2,.eps]
(grfext)             \AppendGraphicsExtensions on input line 452.

(/usr/local/texlive/2012/texmf-dist/tex/latex/latexconfig/epstopdf-sys.cfg
File: epstopdf-sys.cfg 2010/07/13 v1.3 Configuration of (r)epstopdf for TeX Liv
e
))
\c@lstlisting=\count140

(./proposal.toc [1

{/usr/local/texlive/2012/texmf-var/fonts/map/pdftex/updmap/pdftex.map}] [2])
\tf@toc=\write3
\openout3 = `proposal.toc'.

 [3] [4] [5]
<./images/diagrams/eye_structures.png, id=20, 225.9642pt x 231.264pt>
File: ./images/diagrams/eye_structures.png Graphic file (type png)

<use ./images/diagrams/eye_structures.png>
Package pdftex.def Info: ./images/diagrams/eye_structures.png used on input lin
e 44.
(pdftex.def)             Requested size: 225.96364pt x 231.26343pt.

<./images/diagrams/rods_cones.png, id=22, 501.875pt x 288.07625pt>
File: ./images/diagrams/rods_cones.png Graphic file (type png)

<use ./images/diagrams/rods_cones.png>
Package pdftex.def Info: ./images/diagrams/rods_cones.png used on input line 53
.
(pdftex.def)             Requested size: 376.40532pt x 216.05664pt.
 [6] [7 <./images/diagrams/eye_structures.png> <./images/diagrams/rods_cones.pn
g (PNG copy)>]
<./images/diagrams/macadam.png, id=31, 545.03625pt x 602.25pt>
File: ./images/diagrams/macadam.png Graphic file (type png)

<use ./images/diagrams/macadam.png>
Package pdftex.def Info: ./images/diagrams/macadam.png used on input line 65.
(pdftex.def)             Requested size: 190.76555pt x 210.79065pt.
 [8 <./images/diagrams/macadam.png>]
<./images/compress/banding_gradient.png, id=36, 419.5675pt x 304.13625pt>
File: ./images/compress/banding_gradient.png Graphic file (type png)

<use ./images/compress/banding_gradient.png>
Package pdftex.def Info: ./images/compress/banding_gradient.png used on input l
ine 75.
(pdftex.def)             Requested size: 251.74243pt x 182.48315pt.

<./images/compress/dithering.png, id=37, 132.495pt x 200.75pt>
File: ./images/compress/dithering.png Graphic file (type png)

<use ./images/compress/dithering.png>
Package pdftex.def Info: ./images/compress/dithering.png used on input line 84.

(pdftex.def)             Requested size: 132.49466pt x 200.7495pt.

<./images/compress/rainbow_dithering.png, id=38, 256.96pt x 529.98pt>
File: ./images/compress/rainbow_dithering.png Graphic file (type png)

<use ./images/compress/rainbow_dithering.png>
Package pdftex.def Info: ./images/compress/rainbow_dithering.png used on input 
line 85.
(pdftex.def)             Requested size: 97.64581pt x 201.39449pt.
 [9 <./images/compress/banding_gradient.png (PNG copy)>] [10 <./images/compress
/dithering.png> <./images/compress/rainbow_dithering.png>] [11]
<./images/diagrams/Morse.png, id=54, 298.716pt x 79.0152pt>
File: ./images/diagrams/Morse.png Graphic file (type png)

<use ./images/diagrams/Morse.png>
Package pdftex.def Info: ./images/diagrams/Morse.png used on input line 131.
(pdftex.def)             Requested size: 448.07288pt x 118.52249pt.

Overfull \hbox (14.45287pt too wide) in paragraph at lines 131--132
 [] 
 []

[12 <./images/diagrams/Morse.png>] [13]
<./images/compress/wavelet.png, id=64, 513.92pt x 513.92pt>
File: ./images/compress/wavelet.png Graphic file (type png)

<use ./images/compress/wavelet.png>
Package pdftex.def Info: ./images/compress/wavelet.png used on input line 185.
(pdftex.def)             Requested size: 205.56435pt x 205.56435pt.

<./images/compress/dia_wavelet.png, id=65, 258.9675pt x 258.9675pt>
File: ./images/compress/dia_wavelet.png Graphic file (type png)

<use ./images/compress/dia_wavelet.png>
Package pdftex.def Info: ./images/compress/dia_wavelet.png used on input line 1
86.
(pdftex.def)             Requested size: 207.17426pt x 207.17426pt.
 [14]
<./images/compress/original.jpg, id=69, 803.0pt x 451.6875pt>
File: ./images/compress/original.jpg Graphic file (type jpg)

<use ./images/compress/original.jpg>
Package pdftex.def Info: ./images/compress/original.jpg used on input line 196.

(pdftex.def)             Requested size: 200.74951pt x 112.92159pt.

<./images/compress/difference.jpg, id=70, 803.0pt x 451.6875pt>
File: ./images/compress/difference.jpg Graphic file (type jpg)

<use ./images/compress/difference.jpg>
Package pdftex.def Info: ./images/compress/difference.jpg used on input line 19
7.
(pdftex.def)             Requested size: 200.74951pt x 112.92159pt.

<./images/compress/motion.jpg, id=71, 803.0pt x 451.6875pt>
File: ./images/compress/motion.jpg Graphic file (type jpg)

<use ./images/compress/motion.jpg>
Package pdftex.def Info: ./images/compress/motion.jpg used on input line 198.
(pdftex.def)             Requested size: 200.74951pt x 112.92159pt.
 [15 <./images/compress/wavelet.png (PNG copy)> <./images/compress/dia_wavelet.
png>] [16 <./images/compress/original.jpg> <./images/compress/difference.jpg> <
./images/compress/motion.jpg>]
<./images/textures/texture_atlas.png, id=79, 299.61937pt x 297.36093pt>
File: ./images/textures/texture_atlas.png Graphic file (type png)

<use ./images/textures/texture_atlas.png>
Package pdftex.def Info: ./images/textures/texture_atlas.png used on input line
 216.
(pdftex.def)             Requested size: 179.77301pt x 178.41792pt.

<./images/textures/basket.jpg, id=80, 192.72pt x 192.72pt>
File: ./images/textures/basket.jpg Graphic file (type jpg)

<use ./images/textures/basket.jpg>
Package pdftex.def Info: ./images/textures/basket.jpg used on input line 225.
(pdftex.def)             Requested size: 115.63287pt x 115.63287pt.

<./images/textures/basket_syn.jpg, id=81, 602.25pt x 406.51875pt>
File: ./images/textures/basket_syn.jpg Graphic file (type jpg)

<use ./images/textures/basket_syn.jpg>
Package pdftex.def Info: ./images/textures/basket_syn.jpg used on input line 22
6.
(pdftex.def)             Requested size: 170.4392pt x 115.04645pt.
 [17]
<./images/textures/water.jpg, id=85, 128.48pt x 128.48pt>
File: ./images/textures/water.jpg Graphic file (type jpg)

<use ./images/textures/water.jpg>
Package pdftex.def Info: ./images/textures/water.jpg used on input line 233.
(pdftex.def)             Requested size: 115.63092pt x 115.63092pt.

<./images/textures/water_syn.jpg, id=86, 501.875pt x 501.875pt>
File: ./images/textures/water_syn.jpg Graphic file (type jpg)

<use ./images/textures/water_syn.jpg>
Package pdftex.def Info: ./images/textures/water_syn.jpg used on input line 234
.
(pdftex.def)             Requested size: 115.42882pt x 115.42882pt.
 [18 <./images/textures/texture_atlas.png> <./images/textures/basket.jpg> <./im
ages/textures/basket_syn.jpg>]
<./images/textures/ipackman.png, id=91, 923.70094pt x 369.63094pt>
File: ./images/textures/ipackman.png Graphic file (type png)

<use ./images/textures/ipackman.png>
Package pdftex.def Info: ./images/textures/ipackman.png used on input line 248.

(pdftex.def)             Requested size: 323.30017pt x 129.37276pt.
 [19 <./images/textures/water.jpg> <./images/textures/water_syn.jpg>]

Package amsmath Warning: Foreign command \over;
(amsmath)                \frac or \genfrac should be used instead
(amsmath)                 on input line 262.

[20 <./images/textures/ipackman.png>]
<./images/textures/Shades_red.jpg, id=100, 289.08pt x 128.48pt>
File: ./images/textures/Shades_red.jpg Graphic file (type jpg)

<use ./images/textures/Shades_red.jpg>
Package pdftex.def Info: ./images/textures/Shades_red.jpg used on input line 27
2.
(pdftex.def)             Requested size: 202.35461pt x 89.93538pt.

<./images/textures/Shades_colour.jpg, id=101, 293.15155pt x 130.28958pt>
File: ./images/textures/Shades_colour.jpg Graphic file (type jpg)

<use ./images/textures/Shades_colour.jpg>
Package pdftex.def Info: ./images/textures/Shades_colour.jpg used on input line
 273.
(pdftex.def)             Requested size: 205.20467pt x 91.20207pt.
 [21 <./images/textures/Shades_red.jpg> <./images/textures/Shades_colour.jpg>]
<./images/test_images/lena.png, id=105, 513.92pt x 513.92pt>
File: ./images/test_images/lena.png Graphic file (type png)

<use ./images/test_images/lena.png>
Package pdftex.def Info: ./images/test_images/lena.png used on input line 299.
(pdftex.def)             Requested size: 154.17719pt x 154.17719pt.

<./images/test_images/peppers.png, id=106, 513.92pt x 513.92pt>
File: ./images/test_images/peppers.png Graphic file (type png)

<use ./images/test_images/peppers.png>
Package pdftex.def Info: ./images/test_images/peppers.png used on input line 30
0.
(pdftex.def)             Requested size: 154.17719pt x 154.17719pt.
 [22] [23 <./images/test_images/lena.png> <./images/test_images/peppers.png>] [
24] [25] [26]
<./images/output_images/lena.png, id=123, 513.92pt x 513.92pt>
File: ./images/output_images/lena.png Graphic file (type png)

<use ./images/output_images/lena.png>
Package pdftex.def Info: ./images/output_images/lena.png used on input line 396
.
(pdftex.def)             Requested size: 205.56435pt x 205.56435pt.

<./images/output_images/dith_lena.png, id=124, 513.92pt x 513.92pt>
File: ./images/output_images/dith_lena.png Graphic file (type png)

<use ./images/output_images/dith_lena.png>
Package pdftex.def Info: ./images/output_images/dith_lena.png used on input lin
e 397.
(pdftex.def)             Requested size: 205.56435pt x 205.56435pt.

<./images/output_images/temp.png, id=125, 513.92pt x 513.92pt>
File: ./images/output_images/temp.png Graphic file (type png)

<use ./images/output_images/temp.png>
Package pdftex.def Info: ./images/output_images/temp.png used on input line 405
.
(pdftex.def)             Requested size: 205.56435pt x 205.56435pt.
 [27 <./images/output_images/lena.png> <./images/output_images/dith_lena.png (P
NG copy)>]
<./images/misc/banding.png, id=129, 513.92pt x 513.92pt>
File: ./images/misc/banding.png Graphic file (type png)

<use ./images/misc/banding.png>
Package pdftex.def Info: ./images/misc/banding.png used on input line 431.
(pdftex.def)             Requested size: 154.17719pt x 154.17719pt.

<./images/misc/artifacts.png, id=130, 513.92pt x 513.92pt>
File: ./images/misc/artifacts.png Graphic file (type png)

<use ./images/misc/artifacts.png>
Package pdftex.def Info: ./images/misc/artifacts.png used on input line 432.
(pdftex.def)             Requested size: 154.17719pt x 154.17719pt.
 [28 <./images/output_images/temp.png (PNG copy)>] [29 <./images/misc/banding.p
ng (PNG copy)> <./images/misc/artifacts.png (PNG copy)>] (./proposal.bbl
Underfull \hbox (badness 2005) in paragraph at lines 44--47
\OT1/cmr/m/n/12 Tex-ture Com-pres-sion for Mo-bile Phones. \OT1/cmr/m/it/12 Pro
-ceed-ings of the ACM SIG-
 []

[30

]) [31] (./proposal.aux) ) 
Here is how much of TeX's memory you used:
 5474 strings out of 493488
 78474 string characters out of 3141327
 152862 words of memory out of 3000000
 8678 multiletter control sequences out of 15000+200000
 9444 words of font info for 34 fonts, out of 3000000 for 9000
 957 hyphenation exceptions out of 8191
 38i,8n,43p,1358b,304s stack positions out of 5000i,500n,10000p,200000b,50000s
</usr/local/texlive/2012/texmf-dist/fonts/type1/publi
c/amsfonts/cm/cmbx12.pfb></usr/local/texlive/2012/texmf-dist/fonts/type1/public
/amsfonts/cm/cmex10.pfb></usr/local/texlive/2012/texmf-dist/fonts/type1/public/
amsfonts/cm/cmmi12.pfb></usr/local/texlive/2012/texmf-dist/fonts/type1/public/a
msfonts/cm/cmmi8.pfb></usr/local/texlive/2012/texmf-dist/fonts/type1/public/ams
fonts/cm/cmr12.pfb></usr/local/texlive/2012/texmf-dist/fonts/type1/public/amsfo
nts/cm/cmr8.pfb></usr/local/texlive/2012/texmf-dist/fonts/type1/public/amsfonts
/cm/cmsy10.pfb></usr/local/texlive/2012/texmf-dist/fonts/type1/public/amsfonts/
cm/cmsy8.pfb></usr/local/texlive/2012/texmf-dist/fonts/type1/public/amsfonts/cm
/cmti12.pfb></usr/local/texlive/2012/texmf-dist/fonts/type1/public/amsfonts/cm/
cmtt12.pfb>
Output written on proposal.pdf (31 pages, 4558888 bytes).
PDF statistics:
 180 PDF objects out of 1000 (max. 8388607)
 101 compressed objects within 2 object streams
 0 named destinations out of 1000 (max. 500000)
 136 words of extra memory for PDF output out of 10000 (max. 10000000)

