2-Colors & Floyd & Relevance 1 v1 & 328ms & 217.069 & 193,930,919.66 \\ \hline
2-Colors & Ordered & Relevance 1 v1 & 375ms & 187.094 & 225,001,895.902 \\ \hline
2-Colors & Jarvis & Relevance 1 v1 & 312ms & 212.351 & 198,240,290.775 \\ \hline
2-Colors & Relevance & Relevance 1 v1 & 312ms & 216.684 & 194,275,859.071 \\ \hline
8-Colors & Floyd & Relevance 1 v1 & 328ms & 197.973 & 212,637,128.463 \\ \hline
8-Colors & Ordered & Relevance 1 v1 & 375ms & 160.278 & 262,646,380.594 \\ \hline
8-Colors & Jarvis & Relevance 1 v1 & 312ms & 192.689 & 218,467,991.477 \\ \hline
8-Colors & Relevance & Relevance 1 v1 & 312ms & 197.743 & 212,884,503.401 \\ \hline
16-Colors & Floyd & Relevance 1 v1 & 312ms & 90.211 & 466,645,375.913 \\ \hline
16-Colors & Ordered & Relevance 1 v1 & 374ms & 74.125 & 567,913,013.582 \\ \hline
16-Colors & Jarvis & Relevance 1 v1 & 297ms & 85.163 & 494,304,131.62 \\ \hline
16-Colors & Relevance & Relevance 1 v1 & 312ms & 90.514 & 465,082,265.939 \\ \hline
216-Colors & Floyd & Relevance 1 v1 & 327ms & 43.485 & 968,070,935.916 \\ \hline
216-Colors & Ordered & Relevance 1 v1 & 358ms & 50.747 & 829,540,538.56 \\ \hline
216-Colors & Jarvis & Relevance 1 v1 & 296ms & 41.912 & 1,004,411,849.416 \\ \hline
216-Colors & Relevance & Relevance 1 v1 & 328ms & 43.133 & 975,962,105.92 \\ \hline
2-Colors & Floyd & Relevance 1 v2 & 327ms & 194.475 & 216,461,499.729 \\ \hline
2-Colors & Ordered & Relevance 1 v2 & 374ms & 173.078 & 243,222,956.791 \\ \hline
2-Colors & Jarvis & Relevance 1 v2 & 312ms & 184.767 & 227,835,139.583 \\ \hline
2-Colors & Relevance & Relevance 1 v2 & 312ms & 190.7 & 220,747,374.865 \\ \hline
8-Colors & Floyd & Relevance 1 v2 & 327ms & 174.228 & 241,616,649.153 \\ \hline
8-Colors & Ordered & Relevance 1 v2 & 374ms & 145.839 & 288,649,735.579 \\ \hline
8-Colors & Jarvis & Relevance 1 v2 & 312ms & 164.622 & 255,716,174.88 \\ \hline
8-Colors & Relevance & Relevance 1 v2 & 327ms & 170.059 & 247,540,628.361 \\ \hline
16-Colors & Floyd & Relevance 1 v2 & 343ms & 81.576 & 516,039,344.14 \\ \hline
16-Colors & Ordered & Relevance 1 v2 & 374ms & 67.943 & 619,581,830.1 \\ \hline
16-Colors & Jarvis & Relevance 1 v2 & 328ms & 75.549 & 557,204,548.818 \\ \hline
16-Colors & Relevance & Relevance 1 v2 & 328ms & 80.687 & 521,728,227.331 \\ \hline
216-Colors & Floyd & Relevance 1 v2 & 344ms & 38.561 & 1,091,694,780.829 \\ \hline
216-Colors & Ordered & Relevance 1 v2 & 390ms & 46.552 & 904,296,090.232 \\ \hline
216-Colors & Jarvis & Relevance 1 v2 & 327ms & 36.968 & 1,138,729,760.612 \\ \hline
216-Colors & Relevance & Relevance 1 v2 & 328ms & 37.913 & 1,110,351,674.312 \\ \hline
2-Colors & Floyd & Relevance 2 & 468ms & 214.174 & 196,552,397.51 \\ \hline
2-Colors & Ordered & Relevance 2 & 500ms & 194.689 & 216,223,977.753 \\ \hline
2-Colors & Jarvis & Relevance 2 & 468ms & 207.04 & 203,324,873.64 \\ \hline
2-Colors & Relevance & Relevance 2 & 468ms & 213.559 & 197,119,007.129 \\ \hline
8-Colors & Floyd & Relevance 2 & 452ms & 194.005 & 216,986,053.166 \\ \hline
8-Colors & Ordered & Relevance 2 & 500ms & 169.463 & 248,410,852.54 \\ \hline
8-Colors & Jarvis & Relevance 2 & 467ms & 185.09 & 227,437,488.701 \\ \hline
8-Colors & Relevance & Relevance 2 & 468ms & 193.305 & 217,772,444.172 \\ \hline
16-Colors & Floyd & Relevance 2 & 453ms & 88.812 & 473,992,859.15 \\ \hline
16-Colors & Ordered & Relevance 2 & 468ms & 90.251 & 466,439,350.479 \\ \hline
16-Colors & Jarvis & Relevance 2 & 468ms & 80.905 & 520,320,348.654 \\ \hline
16-Colors & Relevance & Relevance 2 & 468ms & 89.241 & 471,718,936.367 \\ \hline
216-Colors & Floyd & Relevance 2 & 452ms & 71.496 & 588,793,694.995 \\ \hline
216-Colors & Ordered & Relevance 2 & 452ms & 84.845 & 496,156,332.733 \\ \hline
216-Colors & Jarvis & Relevance 2 & 452ms & 68.856 & 611,372,592.37 \\ \hline
216-Colors & Relevance & Relevance 2 & 452ms & 70.024 & 601,171,472.283 \\ \hline
2-Colors & Floyd & Direct X & 16ms & 214.174 & 196,552,397.51 \\ \hline
2-Colors & Ordered & Direct X & 16ms & 194.689 & 216,223,977.753 \\ \hline
2-Colors & Jarvis & Direct X & 16ms & 207.04 & 203,324,873.64 \\ \hline
2-Colors & Relevance & Direct X & 16ms & 213.559 & 197,119,007.129 \\ \hline
8-Colors & Floyd & Direct X & 16ms & 194.005 & 216,986,053.166 \\ \hline
8-Colors & Ordered & Direct X & 15ms & 169.463 & 248,410,852.54 \\ \hline
8-Colors & Jarvis & Direct X & 16ms & 185.09 & 227,437,488.701 \\ \hline
8-Colors & Relevance & Direct X & 16ms & 193.305 & 217,772,444.172 \\ \hline
16-Colors & Floyd & Direct X & 16ms & 85.012 & 495,181,809.812 \\ \hline
16-Colors & Ordered & Direct X & 16ms & 88.174 & 477,426,197.786 \\ \hline
16-Colors & Jarvis & Direct X & 16ms & 78.367 & 537,173,450.623 \\ \hline
16-Colors & Relevance & Direct X & 31ms & 84.973 & 495,411,303.21 \\ \hline
216-Colors & Floyd & Direct X & 32ms & 31.175 & 1,350,323,432.676 \\ \hline
216-Colors & Ordered & Direct X & 16ms & 68.005 & 619,023,622.822 \\ \hline
216-Colors & Jarvis & Direct X & 15ms & 28.652 & 1,469,208,478.104 \\ \hline
216-Colors & Relevance & Direct X & 16ms & 30.606 & 1,375,443,873.434 \\ \hline
2-Colors & Floyd & Ericsson & 47ms & 213.099 & 197,544,163.81 \\ \hline
2-Colors & Ordered & Ericsson & 47ms & 193.477 & 217,578,329.888 \\ \hline
2-Colors & Jarvis & Ericsson & 47ms & 205.872 & 204,478,788.772 \\ \hline
2-Colors & Relevance & Ericsson & 62ms & 212.516 & 198,086,408.725 \\ \hline
8-Colors & Floyd & Ericsson & 63ms & 140.656 & 299,287,381.445 \\ \hline
8-Colors & Ordered & Ericsson & 46ms & 153.549 & 274,157,011.434 \\ \hline
8-Colors & Jarvis & Ericsson & 62ms & 146.416 & 287,513,191.534 \\ \hline
8-Colors & Relevance & Ericsson & 63ms & 140.781 & 299,021,488.996 \\ \hline
16-Colors & Floyd & Ericsson & 63ms & 79.349 & 530,519,418.281 \\ \hline
16-Colors & Ordered & Ericsson & 62ms & 84.475 & 498,330,139.108 \\ \hline
16-Colors & Jarvis & Ericsson & 62ms & 73.695 & 571,228,152.622 \\ \hline
16-Colors & Relevance & Ericsson & 47ms & 79.822 & 527,380,133.409 \\ \hline
216-Colors & Floyd & Ericsson & 47ms & 28.414 & 1,481,537,074.562 \\ \hline
216-Colors & Ordered & Ericsson & 47ms & 68.259 & 616,715,599.122 \\ \hline
216-Colors & Jarvis & Ericsson & 46ms & 27.623 & 1,523,954,804.212 \\ \hline
216-Colors & Relevance & Ericsson & 47ms & 28.208 & 1,492,367,834.02 \\ \hline
\multicolumn{6}{ |c| }{Bamboo} \\ \hline
2-Colors & Floyd & Relevance 1 v1 & 312ms & 223.168 & 151,720,950.326 \\ \hline
2-Colors & Ordered & Relevance 1 v1 & 374ms & 192.603 & 175,798,076.272 \\ \hline
2-Colors & Jarvis & Relevance 1 v1 & 312ms & 223.303 & 151,628,945.094 \\ \hline
2-Colors & Relevance & Relevance 1 v1 & 328ms & 223.167 & 151,721,477.805 \\ \hline
8-Colors & Floyd & Relevance 1 v1 & 327ms & 191.393 & 176,909,934.519 \\ \hline
8-Colors & Ordered & Relevance 1 v1 & 374ms & 142.549 & 237,526,714.777 \\ \hline
8-Colors & Jarvis & Relevance 1 v1 & 312ms & 191.388 & 176,913,754.025 \\ \hline
8-Colors & Relevance & Relevance 1 v1 & 328ms & 191.402 & 176,901,103.153 \\ \hline
16-Colors & Floyd & Relevance 1 v1 & 328ms & 60.069 & 563,667,987.088 \\ \hline
16-Colors & Ordered & Relevance 1 v1 & 437ms & 50.243 & 673,906,524.376 \\ \hline
16-Colors & Jarvis & Relevance 1 v1 & 312ms & 57.656 & 587,267,126.556 \\ \hline
16-Colors & Relevance & Relevance 1 v1 & 312ms & 59.107 & 572,845,603.86 \\ \hline
216-Colors & Floyd & Relevance 1 v1 & 328ms & 33.885 & 999,226,145.045 \\ \hline
216-Colors & Ordered & Relevance 1 v1 & 374ms & 41.918 & 807,743,027.869 \\ \hline
216-Colors & Jarvis & Relevance 1 v1 & 297ms & 32.161 & 1,052,797,665.734 \\ \hline
216-Colors & Relevance & Relevance 1 v1 & 312ms & 33.439 & 1,012,580,958.751 \\ \hline
2-Colors & Floyd & Relevance 1 v2 & 343ms & 202.877 & 166,895,132.894 \\ \hline
2-Colors & Ordered & Relevance 1 v2 & 390ms & 181.666 & 186,381,409.351 \\ \hline
2-Colors & Jarvis & Relevance 1 v2 & 312ms & 197.309 & 171,604,999.674 \\ \hline
2-Colors & Relevance & Relevance 1 v2 & 327ms & 199.891 & 169,388,320.215 \\ \hline
8-Colors & Floyd & Relevance 1 v2 & 328ms & 168.918 & 200,447,212.572 \\ \hline
8-Colors & Ordered & Relevance 1 v2 & 390ms & 135.301 & 250,251,513.845 \\ \hline
8-Colors & Jarvis & Relevance 1 v2 & 328ms & 165.385 & 204,729,342.423 \\ \hline
8-Colors & Relevance & Relevance 1 v2 & 327ms & 165.408 & 204,701,122.277 \\ \hline
16-Colors & Floyd & Relevance 1 v2 & 328ms & 53.223 & 636,176,030.137 \\ \hline
16-Colors & Ordered & Relevance 1 v2 & 374ms & 46.325 & 730,906,446.415 \\ \hline
16-Colors & Jarvis & Relevance 1 v2 & 327ms & 50.268 & 673,568,581.291 \\ \hline
16-Colors & Relevance & Relevance 1 v2 & 328ms & 51.949 & 651,779,456.246 \\ \hline
216-Colors & Floyd & Relevance 1 v2 & 328ms & 30.033 & 1,127,386,750.96 \\ \hline
216-Colors & Ordered & Relevance 1 v2 & 390ms & 38.864 & 871,215,856.7 \\ \hline
216-Colors & Jarvis & Relevance 1 v2 & 312ms & 28.202 & 1,200,598,872.852 \\ \hline
216-Colors & Relevance & Relevance 1 v2 & 327ms & 29.383 & 1,152,325,740.956 \\ \hline
2-Colors & Floyd & Relevance 2 & 468ms & 223.108 & 151,761,859.581 \\ \hline
2-Colors & Ordered & Relevance 2 & 484ms & 210.337 & 160,976,397.902 \\ \hline
2-Colors & Jarvis & Relevance 2 & 483ms & 223.162 & 151,725,183.645 \\ \hline
2-Colors & Relevance & Relevance 2 & 468ms & 223.125 & 151,750,261.88 \\ \hline
8-Colors & Floyd & Relevance 2 & 468ms & 191.285 & 177,009,649.207 \\ \hline
8-Colors & Ordered & Relevance 2 & 468ms & 156.865 & 215,848,873.953 \\ \hline
8-Colors & Jarvis & Relevance 2 & 468ms & 191.287 & 177,007,891.603 \\ \hline
8-Colors & Relevance & Relevance 2 & 468ms & 191.313 & 176,983,648.136 \\ \hline
16-Colors & Floyd & Relevance 2 & 484ms & 60.77 & 557,170,190.871 \\ \hline
16-Colors & Ordered & Relevance 2 & 484ms & 74.812 & 452,589,081.012 \\ \hline
16-Colors & Jarvis & Relevance 2 & 569ms & 57.724 & 586,568,341.891 \\ \hline
16-Colors & Relevance & Relevance 2 & 461ms & 59.613 & 567,986,152.091 \\ \hline
216-Colors & Floyd & Relevance 2 & 444ms & 45.768 & 739,798,432.374 \\ \hline
216-Colors & Ordered & Relevance 2 & 452ms & 69.233 & 489,062,864.366 \\ \hline
216-Colors & Jarvis & Relevance 2 & 459ms & 41.679 & 812,387,711.021 \\ \hline
216-Colors & Relevance & Relevance 2 & 466ms & 42.588 & 795,040,060.471 \\ \hline
2-Colors & Floyd & Direct X & 20ms & 223.108 & 151,761,859.581 \\ \hline
2-Colors & Ordered & Direct X & 21ms & 210.337 & 160,976,397.902 \\ \hline
2-Colors & Jarvis & Direct X & 20ms & 223.162 & 151,725,183.645 \\ \hline
2-Colors & Relevance & Direct X & 20ms & 223.125 & 151,750,261.88 \\ \hline
8-Colors & Floyd & Direct X & 22ms & 191.285 & 177,009,649.207 \\ \hline
8-Colors & Ordered & Direct X & 20ms & 156.865 & 215,848,873.953 \\ \hline
8-Colors & Jarvis & Direct X & 20ms & 191.287 & 177,007,891.603 \\ \hline
8-Colors & Relevance & Direct X & 20ms & 191.313 & 176,983,648.136 \\ \hline
16-Colors & Floyd & Direct X & 20ms & 59.759 & 566,597,746.163 \\ \hline
16-Colors & Ordered & Direct X & 20ms & 74.454 & 454,769,874.898 \\ \hline
16-Colors & Jarvis & Direct X & 20ms & 57.195 & 591,991,400.98 \\ \hline
16-Colors & Relevance & Direct X & 21ms & 58.821 & 575,633,960.664 \\ \hline
216-Colors & Floyd & Direct X & 20ms & 33.353 & 1,015,172,756.691 \\ \hline
216-Colors & Ordered & Direct X & 19ms & 68.504 & 494,270,168.871 \\ \hline
216-Colors & Jarvis & Direct X & 20ms & 31.529 & 1,073,923,583.721 \\ \hline
216-Colors & Relevance & Direct X & 20ms & 32.884 & 1,029,658,169.317 \\ \hline
2-Colors & Floyd & Ericsson & 57ms & 221.828 & 152,637,459.505 \\ \hline
2-Colors & Ordered & Ericsson & 64ms & 209.305 & 161,769,939.17 \\ \hline
2-Colors & Jarvis & Ericsson & 57ms & 221.824 & 152,639,824.176 \\ \hline
2-Colors & Relevance & Ericsson & 58ms & 221.928 & 152,568,711.895 \\ \hline
8-Colors & Floyd & Ericsson & 60ms & 143.382 & 236,146,252.579 \\ \hline
8-Colors & Ordered & Ericsson & 59ms & 131.174 & 258,124,906.402 \\ \hline
8-Colors & Jarvis & Ericsson & 58ms & 144.9 & 233,673,597.837 \\ \hline
8-Colors & Relevance & Ericsson & 59ms & 143.506 & 235,943,582.167 \\ \hline
16-Colors & Floyd & Ericsson & 57ms & 50.308 & 673,041,123.124 \\ \hline
16-Colors & Ordered & Ericsson & 56ms & 70.634 & 479,364,169.555 \\ \hline
16-Colors & Jarvis & Ericsson & 56ms & 47.9 & 706,869,985.836 \\ \hline
16-Colors & Relevance & Ericsson & 57ms & 49.673 & 681,639,553.193 \\ \hline
216-Colors & Floyd & Ericsson & 56ms & 23.156 & 1,462,235,325.366 \\ \hline
216-Colors & Ordered & Ericsson & 58ms & 66.818 & 506,740,642.517 \\ \hline
216-Colors & Jarvis & Ericsson & 56ms & 23.247 & 1,456,503,804.632 \\ \hline
216-Colors & Relevance & Ericsson & 57ms & 22.905 & 1,478,271,053.986 \\ \hline
\multicolumn{6}{ |c| }{Carpet} \\ \hline
2-Colors & Floyd & Relevance 1 v1 & 323ms & 218.726 & 177,844,563.904 \\ \hline
2-Colors & Ordered & Relevance 1 v1 & 377ms & 195.819 & 198,648,664.181 \\ \hline
2-Colors & Jarvis & Relevance 1 v1 & 311ms & 218.271 & 178,215,514.515 \\ \hline
2-Colors & Relevance & Relevance 1 v1 & 321ms & 218.845 & 177,747,500.515 \\ \hline
8-Colors & Floyd & Relevance 1 v1 & 341ms & 210.63 & 184,680,405.418 \\ \hline
8-Colors & Ordered & Relevance 1 v1 & 372ms & 179.336 & 216,906,428.445 \\ \hline
8-Colors & Jarvis & Relevance 1 v1 & 319ms & 209.732 & 185,471,122.321 \\ \hline
8-Colors & Relevance & Relevance 1 v1 & 321ms & 210.496 & 184,798,284.286 \\ \hline
16-Colors & Floyd & Relevance 1 v1 & 323ms & 76.57 & 508,023,432.35 \\ \hline
16-Colors & Ordered & Relevance 1 v1 & 376ms & 65.648 & 592,538,928.06 \\ \hline
16-Colors & Jarvis & Relevance 1 v1 & 312ms & 74.501 & 522,130,145.997 \\ \hline
16-Colors & Relevance & Relevance 1 v1 & 320ms & 76.203 & 510,467,553.274 \\ \hline
216-Colors & Floyd & Relevance 1 v1 & 326ms & 34.325 & 1,133,249,919.003 \\ \hline
216-Colors & Ordered & Relevance 1 v1 & 377ms & 43.361 & 897,108,844.842 \\ \hline
216-Colors & Jarvis & Relevance 1 v1 & 317ms & 31.677 & 1,228,009,540.42 \\ \hline
216-Colors & Relevance & Relevance 1 v1 & 321ms & 33.736 & 1,153,052,048.434 \\ \hline
2-Colors & Floyd & Relevance 1 v2 & 338ms & 196.081 & 198,383,066.707 \\ \hline
2-Colors & Ordered & Relevance 1 v2 & 386ms & 182.696 & 212,917,353.995 \\ \hline
2-Colors & Jarvis & Relevance 1 v2 & 321ms & 189.8 & 204,948,772.967 \\ \hline
2-Colors & Relevance & Relevance 1 v2 & 327ms & 195.122 & 199,358,788.674 \\ \hline
8-Colors & Floyd & Relevance 1 v2 & 338ms & 187.526 & 207,434,094.607 \\ \hline
8-Colors & Ordered & Relevance 1 v2 & 413ms & 167.833 & 231,772,871.339 \\ \hline
8-Colors & Jarvis & Relevance 1 v2 & 381ms & 181.166 & 214,716,068.231 \\ \hline
8-Colors & Relevance & Relevance 1 v2 & 331ms & 185.045 & 210,214,463.57 \\ \hline
16-Colors & Floyd & Relevance 1 v2 & 333ms & 67.941 & 572,544,952.199 \\ \hline
16-Colors & Ordered & Relevance 1 v2 & 389ms & 61.102 & 636,623,315.764 \\ \hline
16-Colors & Jarvis & Relevance 1 v2 & 333ms & 64.149 & 606,384,334.967 \\ \hline
16-Colors & Relevance & Relevance 1 v2 & 330ms & 64.967 & 598,757,980.035 \\ \hline
216-Colors & Floyd & Relevance 1 v2 & 377ms & 29.621 & 1,313,221,450.269 \\ \hline
216-Colors & Ordered & Relevance 1 v2 & 449ms & 39.369 & 988,076,049.013 \\ \hline
216-Colors & Jarvis & Relevance 1 v2 & 323ms & 26.939 & 1,443,969,733.431 \\ \hline
216-Colors & Relevance & Relevance 1 v2 & 329ms & 28.752 & 1,352,913,783.914 \\ \hline
2-Colors & Floyd & Relevance 2 & 502ms & 218.58 & 177,963,562.519 \\ \hline
2-Colors & Ordered & Relevance 2 & 490ms & 209.209 & 185,934,963.338 \\ \hline
2-Colors & Jarvis & Relevance 2 & 472ms & 217.444 & 178,893,269.622 \\ \hline
2-Colors & Relevance & Relevance 2 & 480ms & 218.484 & 178,041,067.953 \\ \hline
8-Colors & Floyd & Relevance 2 & 452ms & 209.902 & 185,320,997.499 \\ \hline
8-Colors & Ordered & Relevance 2 & 474ms & 193.34 & 201,195,846.624 \\ \hline
8-Colors & Jarvis & Relevance 2 & 450ms & 208.651 & 186,431,543.715 \\ \hline
8-Colors & Relevance & Relevance 2 & 457ms & 209.891 & 185,330,175.626 \\ \hline
16-Colors & Floyd & Relevance 2 & 477ms & 75.497 & 515,244,780.055 \\ \hline
16-Colors & Ordered & Relevance 2 & 487ms & 86.271 & 450,894,550.353 \\ \hline
16-Colors & Jarvis & Relevance 2 & 470ms & 72.92 & 533,448,899.665 \\ \hline
16-Colors & Relevance & Relevance 2 & 452ms & 75.128 & 517,771,974.388 \\ \hline
216-Colors & Floyd & Relevance 2 & 456ms & 34.127 & 1,139,849,198.277 \\ \hline
216-Colors & Ordered & Relevance 2 & 457ms & 70.826 & 549,225,314.287 \\ \hline
216-Colors & Jarvis & Relevance 2 & 454ms & 31.626 & 1,229,986,580.827 \\ \hline
216-Colors & Relevance & Relevance 2 & 481ms & 34.913 & 1,114,187,439.302 \\ \hline
2-Colors & Floyd & Direct X & 20ms & 218.58 & 177,963,562.519 \\ \hline
2-Colors & Ordered & Direct X & 20ms & 209.209 & 185,934,963.338 \\ \hline
2-Colors & Jarvis & Direct X & 21ms & 217.444 & 178,893,269.622 \\ \hline
2-Colors & Relevance & Direct X & 20ms & 218.484 & 178,041,067.953 \\ \hline
8-Colors & Floyd & Direct X & 20ms & 209.902 & 185,320,997.499 \\ \hline
8-Colors & Ordered & Direct X & 20ms & 193.34 & 201,195,846.624 \\ \hline
8-Colors & Jarvis & Direct X & 21ms & 208.651 & 186,431,543.715 \\ \hline
8-Colors & Relevance & Direct X & 20ms & 209.891 & 185,330,175.626 \\ \hline
16-Colors & Floyd & Direct X & 20ms & 75.386 & 516,003,269.293 \\ \hline
16-Colors & Ordered & Direct X & 20ms & 86.271 & 450,894,550.353 \\ \hline
16-Colors & Jarvis & Direct X & 20ms & 72.906 & 533,550,613.12 \\ \hline
16-Colors & Relevance & Direct X & 20ms & 75.049 & 518,318,380.49 \\ \hline
216-Colors & Floyd & Direct X & 21ms & 31.84 & 1,221,703,638.878 \\ \hline
216-Colors & Ordered & Direct X & 21ms & 69.418 & 560,360,145.468 \\ \hline
216-Colors & Jarvis & Direct X & 21ms & 28.8 & 1,350,671,216.249 \\ \hline
216-Colors & Relevance & Direct X & 21ms & 31.302 & 1,242,707,962.068 \\ \hline
2-Colors & Floyd & Ericsson & 57ms & 218.197 & 178,275,739.996 \\ \hline
2-Colors & Ordered & Ericsson & 61ms & 208.085 & 186,939,245.965 \\ \hline
2-Colors & Jarvis & Ericsson & 57ms & 216.899 & 179,342,620.706 \\ \hline
2-Colors & Relevance & Ericsson & 57ms & 218.12 & 178,338,693.073 \\ \hline
8-Colors & Floyd & Ericsson & 59ms & 144.892 & 268,470,160.142 \\ \hline
8-Colors & Ordered & Ericsson & 57ms & 169.049 & 230,106,263.16 \\ \hline
8-Colors & Jarvis & Ericsson & 58ms & 151.75 & 256,337,050.372 \\ \hline
8-Colors & Relevance & Ericsson & 58ms & 145.094 & 268,096,379.95 \\ \hline
16-Colors & Floyd & Ericsson & 56ms & 44.232 & 879,441,757.429 \\ \hline
16-Colors & Ordered & Ericsson & 57ms & 80.776 & 481,571,339.971 \\ \hline
16-Colors & Jarvis & Ericsson & 55ms & 42.238 & 920,951,961.61 \\ \hline
16-Colors & Relevance & Ericsson & 57ms & 43.946 & 885,152,174.967 \\ \hline
216-Colors & Floyd & Ericsson & 56ms & 22.201 & 1,752,148,822.438 \\ \hline
216-Colors & Ordered & Ericsson & 56ms & 67.594 & 575,484,971.523 \\ \hline
216-Colors & Jarvis & Ericsson & 56ms & 20.558 & 1,892,151,102.817 \\ \hline
216-Colors & Relevance & Ericsson & 57ms & 21.898 & 1,776,385,129.097 \\ \hline
\multicolumn{6}{ |c| }{Concrete} \\ \hline
2-Colors & Floyd & Relevance 1 v1 & 328ms & 209.082 & 341,953,344.684 \\ \hline
2-Colors & Ordered & Relevance 1 v1 & 371ms & 146.213 & 488,985,861.765 \\ \hline
2-Colors & Jarvis & Relevance 1 v1 & 317ms & 208.856 & 342,323,009.43 \\ \hline
2-Colors & Relevance & Relevance 1 v1 & 319ms & 208.758 & 342,483,830.398 \\ \hline
8-Colors & Floyd & Relevance 1 v1 & 329ms & 201.427 & 354,948,985.17 \\ \hline
8-Colors & Ordered & Relevance 1 v1 & 372ms & 146.212 & 488,988,531.75 \\ \hline
8-Colors & Jarvis & Relevance 1 v1 & 311ms & 201.189 & 355,368,713.047 \\ \hline
8-Colors & Relevance & Relevance 1 v1 & 316ms & 201.283 & 355,202,899.865 \\ \hline
16-Colors & Floyd & Relevance 1 v1 & 320ms & 57.469 & 1,244,074,171.836 \\ \hline
16-Colors & Ordered & Relevance 1 v1 & 370ms & 42.059 & 1,699,888,358.212 \\ \hline
16-Colors & Jarvis & Relevance 1 v1 & 309ms & 57.161 & 1,250,782,230.451 \\ \hline
16-Colors & Relevance & Relevance 1 v1 & 316ms & 57.522 & 1,242,939,819.732 \\ \hline
216-Colors & Floyd & Relevance 1 v1 & 323ms & 31.689 & 2,256,184,217.455 \\ \hline
216-Colors & Ordered & Relevance 1 v1 & 375ms & 39.965 & 1,788,964,702.247 \\ \hline
216-Colors & Jarvis & Relevance 1 v1 & 309ms & 31.308 & 2,283,665,780.24 \\ \hline
216-Colors & Relevance & Relevance 1 v1 & 315ms & 31.655 & 2,258,577,251.616 \\ \hline
2-Colors & Floyd & Relevance 1 v2 & 336ms & 191.389 & 373,563,992.809 \\ \hline
2-Colors & Ordered & Relevance 1 v2 & 380ms & 146.213 & 488,985,861.765 \\ \hline
2-Colors & Jarvis & Relevance 1 v2 & 323ms & 179.521 & 398,261,102.354 \\ \hline
2-Colors & Relevance & Relevance 1 v2 & 325ms & 177.942 & 401,795,269.828 \\ \hline
8-Colors & Floyd & Relevance 1 v2 & 336ms & 178.664 & 400,170,396.524 \\ \hline
8-Colors & Ordered & Relevance 1 v2 & 381ms & 146.207 & 489,005,264.912 \\ \hline
8-Colors & Jarvis & Relevance 1 v2 & 320ms & 173.432 & 412,242,933.276 \\ \hline
8-Colors & Relevance & Relevance 1 v2 & 326ms & 173.636 & 411,758,701.891 \\ \hline
16-Colors & Floyd & Relevance 1 v2 & 336ms & 49.695 & 1,438,689,670.545 \\ \hline
16-Colors & Ordered & Relevance 1 v2 & 384ms & 40.944 & 1,746,214,619.697 \\ \hline
16-Colors & Jarvis & Relevance 1 v2 & 318ms & 49.254 & 1,451,569,467.925 \\ \hline
16-Colors & Relevance & Relevance 1 v2 & 326ms & 48.918 & 1,461,548,991.082 \\ \hline
216-Colors & Floyd & Relevance 1 v2 & 335ms & 27.605 & 2,589,928,020.754 \\ \hline
216-Colors & Ordered & Relevance 1 v2 & 383ms & 35.53 & 2,012,269,124.961 \\ \hline
216-Colors & Jarvis & Relevance 1 v2 & 316ms & 27.044 & 2,643,685,547.48 \\ \hline
216-Colors & Relevance & Relevance 1 v2 & 330ms & 27.086 & 2,639,593,197.812 \\ \hline
2-Colors & Floyd & Relevance 2 & 482ms & 208.935 & 342,193,715.759 \\ \hline
2-Colors & Ordered & Relevance 2 & 497ms & 146.213 & 488,985,861.765 \\ \hline
2-Colors & Jarvis & Relevance 2 & 482ms & 208.764 & 342,472,776.828 \\ \hline
2-Colors & Relevance & Relevance 2 & 485ms & 208.973 & 342,131,114.81 \\ \hline
8-Colors & Floyd & Relevance 2 & 458ms & 201.447 & 354,912,087.026 \\ \hline
8-Colors & Ordered & Relevance 2 & 493ms & 146.212 & 488,988,109 \\ \hline
8-Colors & Jarvis & Relevance 2 & 465ms & 201.245 & 355,269,836.413 \\ \hline
8-Colors & Relevance & Relevance 2 & 464ms & 201.474 & 354,865,573.391 \\ \hline
16-Colors & Floyd & Relevance 2 & 463ms & 57.436 & 1,244,800,127.07 \\ \hline
16-Colors & Ordered & Relevance 2 & 481ms & 72.411 & 987,363,065.478 \\ \hline
16-Colors & Jarvis & Relevance 2 & 467ms & 57.063 & 1,252,927,690.793 \\ \hline
16-Colors & Relevance & Relevance 2 & 477ms & 57.466 & 1,244,153,043.458 \\ \hline
216-Colors & Floyd & Relevance 2 & 475ms & 31.388 & 2,277,842,231.759 \\ \hline
216-Colors & Ordered & Relevance 2 & 472ms & 69.296 & 1,031,743,253.768 \\ \hline
216-Colors & Jarvis & Relevance 2 & 474ms & 30.89 & 2,314,525,748.701 \\ \hline
216-Colors & Relevance & Relevance 2 & 463ms & 31.338 & 2,281,416,326.624 \\ \hline
2-Colors & Floyd & Direct X & 20ms & 208.935 & 342,193,715.759 \\ \hline
2-Colors & Ordered & Direct X & 20ms & 146.213 & 488,985,861.765 \\ \hline
2-Colors & Jarvis & Direct X & 20ms & 208.764 & 342,472,776.828 \\ \hline
2-Colors & Relevance & Direct X & 20ms & 208.973 & 342,131,114.81 \\ \hline
8-Colors & Floyd & Direct X & 20ms & 201.447 & 354,912,087.026 \\ \hline
8-Colors & Ordered & Direct X & 21ms & 146.212 & 488,988,109 \\ \hline
8-Colors & Jarvis & Direct X & 20ms & 201.245 & 355,269,836.413 \\ \hline
8-Colors & Relevance & Direct X & 20ms & 201.474 & 354,865,573.391 \\ \hline
16-Colors & Floyd & Direct X & 20ms & 57.436 & 1,244,800,127.07 \\ \hline
16-Colors & Ordered & Direct X & 20ms & 72.411 & 987,363,065.478 \\ \hline
16-Colors & Jarvis & Direct X & 20ms & 57.063 & 1,252,927,690.793 \\ \hline
16-Colors & Relevance & Direct X & 20ms & 57.466 & 1,244,153,043.458 \\ \hline
216-Colors & Floyd & Direct X & 20ms & 31.536 & 2,267,150,707.221 \\ \hline
216-Colors & Ordered & Direct X & 20ms & 69.296 & 1,031,743,253.768 \\ \hline
216-Colors & Jarvis & Direct X & 19ms & 31.015 & 2,305,193,081.657 \\ \hline
216-Colors & Relevance & Direct X & 20ms & 31.488 & 2,270,615,818.127 \\ \hline
2-Colors & Floyd & Ericsson & 57ms & 207.417 & 344,697,137.013 \\ \hline
2-Colors & Ordered & Ericsson & 55ms & 146.213 & 488,985,861.765 \\ \hline
2-Colors & Jarvis & Ericsson & 57ms & 207.021 & 345,356,858.125 \\ \hline
2-Colors & Relevance & Ericsson & 57ms & 207.457 & 344,630,511.911 \\ \hline
8-Colors & Floyd & Ericsson & 58ms & 138.248 & 517,160,367.565 \\ \hline
8-Colors & Ordered & Ericsson & 56ms & 146.21 & 488,996,965.655 \\ \hline
8-Colors & Jarvis & Ericsson & 58ms & 140.416 & 509,173,161.393 \\ \hline
8-Colors & Relevance & Ericsson & 58ms & 137.861 & 518,609,473.702 \\ \hline
16-Colors & Floyd & Ericsson & 55ms & 34.127 & 2,095,014,146.475 \\ \hline
16-Colors & Ordered & Ericsson & 56ms & 68.85 & 1,038,437,461.678 \\ \hline
16-Colors & Jarvis & Ericsson & 57ms & 34.558 & 2,068,848,348.301 \\ \hline
16-Colors & Relevance & Ericsson & 56ms & 34.282 & 2,085,536,808.49 \\ \hline
216-Colors & Floyd & Ericsson & 55ms & 24.446 & 2,924,699,235.627 \\ \hline
216-Colors & Ordered & Ericsson & 57ms & 65.793 & 1,086,679,084.236 \\ \hline
216-Colors & Jarvis & Ericsson & 55ms & 25.02 & 2,857,524,243.835 \\ \hline
216-Colors & Relevance & Ericsson & 55ms & 24.498 & 2,918,406,390.067 \\ \hline
\multicolumn{6}{ |c| }{Grass} \\ \hline
2-Colors & Floyd & Relevance 1 v1 & 330ms & 223.544 & 119,893,038.291 \\ \hline
2-Colors & Ordered & Relevance 1 v1 & 376ms & 204.704 & 130,927,172.175 \\ \hline
2-Colors & Jarvis & Relevance 1 v1 & 310ms & 222.225 & 120,604,692.301 \\ \hline
2-Colors & Relevance & Relevance 1 v1 & 315ms & 223.332 & 120,006,909.186 \\ \hline
8-Colors & Floyd & Relevance 1 v1 & 324ms & 206.691 & 129,668,732.074 \\ \hline
8-Colors & Ordered & Relevance 1 v1 & 375ms & 178.887 & 149,822,996.997 \\ \hline
8-Colors & Jarvis & Relevance 1 v1 & 310ms & 205.27 & 130,566,439.082 \\ \hline
8-Colors & Relevance & Relevance 1 v1 & 315ms & 206.627 & 129,708,866.617 \\ \hline
16-Colors & Floyd & Relevance 1 v1 & 322ms & 83.3 & 321,743,053.408 \\ \hline
16-Colors & Ordered & Relevance 1 v1 & 373ms & 63.544 & 421,774,665.532 \\ \hline
16-Colors & Jarvis & Relevance 1 v1 & 314ms & 81.497 & 328,862,745.265 \\ \hline
16-Colors & Relevance & Relevance 1 v1 & 315ms & 83.232 & 322,006,549.641 \\ \hline
216-Colors & Floyd & Relevance 1 v1 & 325ms & 35.286 & 759,543,368 \\ \hline
216-Colors & Ordered & Relevance 1 v1 & 371ms & 44.214 & 606,174,578.375 \\ \hline
216-Colors & Jarvis & Relevance 1 v1 & 310ms & 33.222 & 806,738,830.881 \\ \hline
216-Colors & Relevance & Relevance 1 v1 & 316ms & 34.94 & 767,061,500.74 \\ \hline
2-Colors & Floyd & Relevance 1 v2 & 335ms & 202.133 & 132,592,863.951 \\ \hline
2-Colors & Ordered & Relevance 1 v2 & 381ms & 182.227 & 147,076,299.267 \\ \hline
2-Colors & Jarvis & Relevance 1 v2 & 322ms & 194.323 & 137,921,291.348 \\ \hline
2-Colors & Relevance & Relevance 1 v2 & 329ms & 199.228 & 134,526,144.883 \\ \hline
8-Colors & Floyd & Relevance 1 v2 & 330ms & 181.875 & 147,361,512.97 \\ \hline
8-Colors & Ordered & Relevance 1 v2 & 381ms & 167.077 & 160,413,493.434 \\ \hline
8-Colors & Jarvis & Relevance 1 v2 & 322ms & 177.503 & 150,990,485.75 \\ \hline
8-Colors & Relevance & Relevance 1 v2 & 326ms & 182.504 & 146,853,196.652 \\ \hline
16-Colors & Floyd & Relevance 1 v2 & 328ms & 72.156 & 371,433,482.417 \\ \hline
16-Colors & Ordered & Relevance 1 v2 & 381ms & 58.191 & 460,579,166.503 \\ \hline
16-Colors & Jarvis & Relevance 1 v2 & 320ms & 69.783 & 384,068,947.662 \\ \hline
16-Colors & Relevance & Relevance 1 v2 & 328ms & 70.911 & 377,959,168.953 \\ \hline
216-Colors & Floyd & Relevance 1 v2 & 335ms & 30.065 & 891,451,793.031 \\ \hline
216-Colors & Ordered & Relevance 1 v2 & 380ms & 39.607 & 676,680,442.834 \\ \hline
216-Colors & Jarvis & Relevance 1 v2 & 317ms & 27.736 & 966,286,344.181 \\ \hline
216-Colors & Relevance & Relevance 1 v2 & 329ms & 29.394 & 911,799,469.165 \\ \hline
2-Colors & Floyd & Relevance 2 & 467ms & 222.793 & 120,296,867.498 \\ \hline
2-Colors & Ordered & Relevance 2 & 482ms & 230.631 & 116,208,625.841 \\ \hline
2-Colors & Jarvis & Relevance 2 & 476ms & 220.611 & 121,486,661.769 \\ \hline
2-Colors & Relevance & Relevance 2 & 472ms & 222.751 & 120,319,819.539 \\ \hline
8-Colors & Floyd & Relevance 2 & 453ms & 206.031 & 130,083,930.628 \\ \hline
8-Colors & Ordered & Relevance 2 & 487ms & 186.744 & 143,518,938.026 \\ \hline
8-Colors & Jarvis & Relevance 2 & 460ms & 203.75 & 131,540,397.042 \\ \hline
8-Colors & Relevance & Relevance 2 & 448ms & 206 & 130,103,408.22 \\ \hline
16-Colors & Floyd & Relevance 2 & 459ms & 81.634 & 328,312,674.661 \\ \hline
16-Colors & Ordered & Relevance 2 & 475ms & 88.89 & 301,511,946.203 \\ \hline
16-Colors & Jarvis & Relevance 2 & 467ms & 79.034 & 339,110,871.519 \\ \hline
16-Colors & Relevance & Relevance 2 & 463ms & 81.598 & 328,455,479.094 \\ \hline
216-Colors & Floyd & Relevance 2 & 465ms & 32.618 & 821,669,844.981 \\ \hline
216-Colors & Ordered & Relevance 2 & 462ms & 69.509 & 385,578,442.753 \\ \hline
216-Colors & Jarvis & Relevance 2 & 465ms & 30.044 & 892,078,728.666 \\ \hline
216-Colors & Relevance & Relevance 2 & 456ms & 32.244 & 831,210,936.637 \\ \hline
2-Colors & Floyd & Direct X & 20ms & 222.793 & 120,296,867.498 \\ \hline
2-Colors & Ordered & Direct X & 20ms & 230.631 & 116,208,625.841 \\ \hline
2-Colors & Jarvis & Direct X & 20ms & 220.611 & 121,486,661.769 \\ \hline
2-Colors & Relevance & Direct X & 20ms & 222.751 & 120,319,819.539 \\ \hline
8-Colors & Floyd & Direct X & 20ms & 206.031 & 130,083,930.628 \\ \hline
8-Colors & Ordered & Direct X & 20ms & 186.744 & 143,518,938.026 \\ \hline
8-Colors & Jarvis & Direct X & 20ms & 203.75 & 131,540,397.042 \\ \hline
8-Colors & Relevance & Direct X & 20ms & 206 & 130,103,408.22 \\ \hline
16-Colors & Floyd & Direct X & 20ms & 81.631 & 328,321,226.555 \\ \hline
16-Colors & Ordered & Direct X & 20ms & 88.89 & 301,511,946.203 \\ \hline
16-Colors & Jarvis & Direct X & 20ms & 79.032 & 339,120,424.239 \\ \hline
16-Colors & Relevance & Direct X & 24ms & 81.589 & 328,492,180.713 \\ \hline
216-Colors & Floyd & Direct X & 20ms & 32.134 & 834,040,025.062 \\ \hline
216-Colors & Ordered & Direct X & 20ms & 69.51 & 385,577,053.197 \\ \hline
216-Colors & Jarvis & Direct X & 20ms & 29.495 & 908,682,383.523 \\ \hline
216-Colors & Relevance & Direct X & 21ms & 31.777 & 843,419,931.106 \\ \hline
2-Colors & Floyd & Ericsson & 57ms & 222.557 & 120,424,623.479 \\ \hline
2-Colors & Ordered & Ericsson & 56ms & 229.598 & 116,731,653.01 \\ \hline
2-Colors & Jarvis & Ericsson & 57ms & 220.188 & 121,720,377.46 \\ \hline
2-Colors & Relevance & Ericsson & 56ms & 222.548 & 120,429,341.973 \\ \hline
8-Colors & Floyd & Ericsson & 57ms & 136.907 & 195,762,970.693 \\ \hline
8-Colors & Ordered & Ericsson & 57ms & 165.891 & 161,559,742.584 \\ \hline
8-Colors & Jarvis & Ericsson & 59ms & 148.988 & 179,888,635.408 \\ \hline
8-Colors & Relevance & Ericsson & 60ms & 137.351 & 195,130,777.923 \\ \hline
16-Colors & Floyd & Ericsson & 56ms & 58.971 & 454,486,944.657 \\ \hline
16-Colors & Ordered & Ericsson & 58ms & 89.477 & 299,533,237.572 \\ \hline
16-Colors & Jarvis & Ericsson & 56ms & 54.504 & 491,727,617.415 \\ \hline
16-Colors & Relevance & Ericsson & 56ms & 58.553 & 457,725,876.193 \\ \hline
216-Colors & Floyd & Ericsson & 56ms & 23.776 & 1,127,220,315.428 \\ \hline
216-Colors & Ordered & Ericsson & 55ms & 68 & 394,134,594.833 \\ \hline
216-Colors & Jarvis & Ericsson & 55ms & 23.797 & 1,126,270,402.634 \\ \hline
216-Colors & Relevance & Ericsson & 56ms & 23.788 & 1,126,691,938.853 \\ \hline
\multicolumn{6}{ |c| }{Lena} \\ \hline
2-Colors & Floyd & Relevance 1 v1 & 327ms & 219.94 & 195,995,905.621 \\ \hline
2-Colors & Ordered & Relevance 1 v1 & 373ms & 185.213 & 232,744,498.631 \\ \hline
2-Colors & Jarvis & Relevance 1 v1 & 311ms & 218.964 & 196,870,146.252 \\ \hline
2-Colors & Relevance & Relevance 1 v1 & 318ms & 220.162 & 195,798,442.755 \\ \hline
8-Colors & Floyd & Relevance 1 v1 & 327ms & 196.062 & 219,866,612.765 \\ \hline
8-Colors & Ordered & Relevance 1 v1 & 373ms & 153.558 & 280,723,822.197 \\ \hline
8-Colors & Jarvis & Relevance 1 v1 & 314ms & 194.835 & 221,250,277.711 \\ \hline
8-Colors & Relevance & Relevance 1 v1 & 316ms & 196.106 & 219,816,572.022 \\ \hline
16-Colors & Floyd & Relevance 1 v1 & 321ms & 122.809 & 351,011,621.848 \\ \hline
16-Colors & Ordered & Relevance 1 v1 & 374ms & 65.801 & 655,118,291.543 \\ \hline
16-Colors & Jarvis & Relevance 1 v1 & 311ms & 113.194 & 380,826,335.965 \\ \hline
16-Colors & Relevance & Relevance 1 v1 & 317ms & 120.691 & 357,172,490.24 \\ \hline
216-Colors & Floyd & Relevance 1 v1 & 326ms & 37.646 & 1,145,065,733.103 \\ \hline
216-Colors & Ordered & Relevance 1 v1 & 371ms & 44.644 & 965,570,678.776 \\ \hline
216-Colors & Jarvis & Relevance 1 v1 & 314ms & 36.354 & 1,185,781,246.86 \\ \hline
216-Colors & Relevance & Relevance 1 v1 & 322ms & 37.408 & 1,152,371,657.6 \\ \hline
2-Colors & Floyd & Relevance 1 v2 & 333ms & 198.004 & 217,709,743.003 \\ \hline
2-Colors & Ordered & Relevance 1 v2 & 381ms & 176.463 & 244,286,173.953 \\ \hline
2-Colors & Jarvis & Relevance 1 v2 & 316ms & 191.813 & 224,737,006.277 \\ \hline
2-Colors & Relevance & Relevance 1 v2 & 326ms & 195.448 & 220,557,300.722 \\ \hline
8-Colors & Floyd & Relevance 1 v2 & 334ms & 173.403 & 248,596,154.208 \\ \hline
8-Colors & Ordered & Relevance 1 v2 & 380ms & 142.839 & 301,790,765.833 \\ \hline
8-Colors & Jarvis & Relevance 1 v2 & 322ms & 167.501 & 257,355,862.902 \\ \hline
8-Colors & Relevance & Relevance 1 v2 & 328ms & 169.855 & 253,788,960.169 \\ \hline
16-Colors & Floyd & Relevance 1 v2 & 329ms & 108.934 & 395,719,269.634 \\ \hline
16-Colors & Ordered & Relevance 1 v2 & 383ms & 61.552 & 700,346,472.808 \\ \hline
16-Colors & Jarvis & Relevance 1 v2 & 320ms & 97.701 & 441,219,460.029 \\ \hline
16-Colors & Relevance & Relevance 1 v2 & 330ms & 105.989 & 406,717,675.474 \\ \hline
216-Colors & Floyd & Relevance 1 v2 & 334ms & 31.882 & 1,352,091,649.561 \\ \hline
216-Colors & Ordered & Relevance 1 v2 & 379ms & 39.768 & 1,083,979,091.547 \\ \hline
216-Colors & Jarvis & Relevance 1 v2 & 318ms & 30.037 & 1,435,165,457.496 \\ \hline
216-Colors & Relevance & Relevance 1 v2 & 326ms & 31.175 & 1,382,735,944.03 \\ \hline
2-Colors & Floyd & Relevance 2 & 473ms & 219.178 & 196,677,184.156 \\ \hline
2-Colors & Ordered & Relevance 2 & 483ms & 193.86 & 222,363,483.601 \\ \hline
2-Colors & Jarvis & Relevance 2 & 469ms & 217.771 & 197,947,984.61 \\ \hline
2-Colors & Relevance & Relevance 2 & 470ms & 219.232 & 196,629,164.544 \\ \hline
8-Colors & Floyd & Relevance 2 & 451ms & 195.065 & 220,990,269.531 \\ \hline
8-Colors & Ordered & Relevance 2 & 473ms & 169.681 & 254,049,862.007 \\ \hline
8-Colors & Jarvis & Relevance 2 & 464ms & 193.062 & 223,282,299.874 \\ \hline
8-Colors & Relevance & Relevance 2 & 449ms & 195.112 & 220,936,338.647 \\ \hline
16-Colors & Floyd & Relevance 2 & 466ms & 121.963 & 353,446,123.332 \\ \hline
16-Colors & Ordered & Relevance 2 & 473ms & 83.053 & 519,037,759.68 \\ \hline
16-Colors & Jarvis & Relevance 2 & 466ms & 111.783 & 385,635,100.693 \\ \hline
16-Colors & Relevance & Relevance 2 & 468ms & 119.782 & 359,881,014.381 \\ \hline
216-Colors & Floyd & Relevance 2 & 456ms & 47.869 & 900,535,627.963 \\ \hline
216-Colors & Ordered & Relevance 2 & 450ms & 72.952 & 590,898,846.042 \\ \hline
216-Colors & Jarvis & Relevance 2 & 443ms & 42.303 & 1,019,016,481.913 \\ \hline
216-Colors & Relevance & Relevance 2 & 448ms & 47.581 & 905,978,305.497 \\ \hline
2-Colors & Floyd & Direct X & 20ms & 219.178 & 196,677,184.156 \\ \hline
2-Colors & Ordered & Direct X & 20ms & 193.86 & 222,363,483.601 \\ \hline
2-Colors & Jarvis & Direct X & 20ms & 217.771 & 197,947,984.61 \\ \hline
2-Colors & Relevance & Direct X & 20ms & 219.232 & 196,629,164.544 \\ \hline
8-Colors & Floyd & Direct X & 20ms & 195.065 & 220,990,269.531 \\ \hline
8-Colors & Ordered & Direct X & 20ms & 169.681 & 254,049,862.007 \\ \hline
8-Colors & Jarvis & Direct X & 20ms & 193.062 & 223,282,299.874 \\ \hline
8-Colors & Relevance & Direct X & 20ms & 195.112 & 220,936,338.647 \\ \hline
16-Colors & Floyd & Direct X & 20ms & 121.941 & 353,511,670.027 \\ \hline
16-Colors & Ordered & Direct X & 20ms & 82.906 & 519,953,626.805 \\ \hline
16-Colors & Jarvis & Direct X & 20ms & 111.776 & 385,657,309.253 \\ \hline
16-Colors & Relevance & Direct X & 20ms & 119.687 & 360,167,191.184 \\ \hline
216-Colors & Floyd & Direct X & 25ms & 34.344 & 1,255,175,651.949 \\ \hline
216-Colors & Ordered & Direct X & 20ms & 67.562 & 638,043,169.492 \\ \hline
216-Colors & Jarvis & Direct X & 20ms & 32.416 & 1,329,833,823.785 \\ \hline
216-Colors & Relevance & Direct X & 20ms & 34.087 & 1,264,622,474.905 \\ \hline
2-Colors & Floyd & Ericsson & 57ms & 217.698 & 198,014,434.495 \\ \hline
2-Colors & Ordered & Ericsson & 56ms & 192.888 & 223,484,432.977 \\ \hline
2-Colors & Jarvis & Ericsson & 58ms & 216.284 & 199,309,027.546 \\ \hline
2-Colors & Relevance & Ericsson & 57ms & 217.802 & 197,919,915.64 \\ \hline
8-Colors & Floyd & Ericsson & 59ms & 145.132 & 297,022,815.257 \\ \hline
8-Colors & Ordered & Ericsson & 61ms & 145.533 & 296,203,754.453 \\ \hline
8-Colors & Jarvis & Ericsson & 59ms & 145.521 & 296,227,175.05 \\ \hline
8-Colors & Relevance & Ericsson & 58ms & 145.064 & 297,161,504.195 \\ \hline
16-Colors & Floyd & Ericsson & 57ms & 118.946 & 362,411,680.284 \\ \hline
16-Colors & Ordered & Ericsson & 56ms & 78.652 & 548,076,406.467 \\ \hline
16-Colors & Jarvis & Ericsson & 66ms & 107.948 & 399,336,642.469 \\ \hline
16-Colors & Relevance & Ericsson & 59ms & 115.897 & 371,944,584.176 \\ \hline
216-Colors & Floyd & Ericsson & 56ms & 24.891 & 1,731,881,098.884 \\ \hline
216-Colors & Ordered & Ericsson & 74ms & 65.999 & 653,152,009.338 \\ \hline
216-Colors & Jarvis & Ericsson & 56ms & 24.718 & 1,743,986,186.453 \\ \hline
216-Colors & Relevance & Ericsson & 56ms & 24.823 & 1,736,587,030.18 \\ \hline
\multicolumn{6}{ |c| }{Pattern} \\ \hline
2-Colors & Floyd & Relevance 1 v1 & 329ms & 208.151 & 136,890,795.629 \\ \hline
2-Colors & Ordered & Relevance 1 v1 & 369ms & 169.375 & 168,229,660.533 \\ \hline
2-Colors & Jarvis & Relevance 1 v1 & 315ms & 207.073 & 137,603,134.438 \\ \hline
2-Colors & Relevance & Relevance 1 v1 & 317ms & 207.971 & 137,009,136.419 \\ \hline
8-Colors & Floyd & Relevance 1 v1 & 330ms & 196.626 & 144,914,601.046 \\ \hline
8-Colors & Ordered & Relevance 1 v1 & 375ms & 144.969 & 196,551,370.705 \\ \hline
8-Colors & Jarvis & Relevance 1 v1 & 312ms & 195.727 & 145,579,618.632 \\ \hline
8-Colors & Relevance & Relevance 1 v1 & 319ms & 196.51 & 144,999,897.352 \\ \hline
16-Colors & Floyd & Relevance 1 v1 & 319ms & 69.249 & 411,469,229.222 \\ \hline
16-Colors & Ordered & Relevance 1 v1 & 376ms & 60.472 & 471,188,111.61 \\ \hline
16-Colors & Jarvis & Relevance 1 v1 & 314ms & 66.787 & 426,638,083.846 \\ \hline
16-Colors & Relevance & Relevance 1 v1 & 322ms & 68.902 & 413,545,088.179 \\ \hline
216-Colors & Floyd & Relevance 1 v1 & 327ms & 33.947 & 839,355,913.116 \\ \hline
216-Colors & Ordered & Relevance 1 v1 & 372ms & 42.862 & 664,784,695.478 \\ \hline
216-Colors & Jarvis & Relevance 1 v1 & 317ms & 31.818 & 895,532,810.777 \\ \hline
216-Colors & Relevance & Relevance 1 v1 & 319ms & 33.53 & 849,812,894.673 \\ \hline
2-Colors & Floyd & Relevance 1 v2 & 340ms & 184.982 & 154,036,446.984 \\ \hline
2-Colors & Ordered & Relevance 1 v2 & 453ms & 159.547 & 178,592,549.676 \\ \hline
2-Colors & Jarvis & Relevance 1 v2 & 321ms & 180.714 & 157,674,442.079 \\ \hline
2-Colors & Relevance & Relevance 1 v2 & 328ms & 182.578 & 156,064,175.877 \\ \hline
8-Colors & Floyd & Relevance 1 v2 & 360ms & 172.539 & 165,144,427.83 \\ \hline
8-Colors & Ordered & Relevance 1 v2 & 370ms & 137.195 & 207,688,709.744 \\ \hline
8-Colors & Jarvis & Relevance 1 v2 & 332ms & 169.25 & 168,354,392.519 \\ \hline
8-Colors & Relevance & Relevance 1 v2 & 357ms & 168.571 & 169,031,730.209 \\ \hline
16-Colors & Floyd & Relevance 1 v2 & 336ms & 60.649 & 469,815,306.786 \\ \hline
16-Colors & Ordered & Relevance 1 v2 & 381ms & 55.179 & 516,393,355.061 \\ \hline
16-Colors & Jarvis & Relevance 1 v2 & 320ms & 57.72 & 493,658,014.064 \\ \hline
16-Colors & Relevance & Relevance 1 v2 & 326ms & 59.522 & 478,711,564.965 \\ \hline
216-Colors & Floyd & Relevance 1 v2 & 337ms & 29.104 & 979,054,364.133 \\ \hline
216-Colors & Ordered & Relevance 1 v2 & 389ms & 38.426 & 741,523,965.745 \\ \hline
216-Colors & Jarvis & Relevance 1 v2 & 321ms & 26.991 & 1,055,689,877.381 \\ \hline
216-Colors & Relevance & Relevance 1 v2 & 327ms & 28.313 & 1,006,377,746.529 \\ \hline
2-Colors & Floyd & Relevance 2 & 470ms & 207.579 & 137,267,711.46 \\ \hline
2-Colors & Ordered & Relevance 2 & 479ms & 182.602 & 156,043,672.319 \\ \hline
2-Colors & Jarvis & Relevance 2 & 480ms & 206.719 & 137,838,982.096 \\ \hline
2-Colors & Relevance & Relevance 2 & 474ms & 207.659 & 137,215,064.334 \\ \hline
8-Colors & Floyd & Relevance 2 & 450ms & 195.999 & 145,377,586.777 \\ \hline
8-Colors & Ordered & Relevance 2 & 468ms & 158.707 & 179,537,513.824 \\ \hline
8-Colors & Jarvis & Relevance 2 & 451ms & 194.844 & 146,239,903.402 \\ \hline
8-Colors & Relevance & Relevance 2 & 459ms & 196.091 & 145,309,495.793 \\ \hline
16-Colors & Floyd & Relevance 2 & 459ms & 72.284 & 394,192,052.134 \\ \hline
16-Colors & Ordered & Relevance 2 & 458ms & 83.836 & 339,877,084.437 \\ \hline
16-Colors & Jarvis & Relevance 2 & 448ms & 69.106 & 412,320,495.09 \\ \hline
16-Colors & Relevance & Relevance 2 & 458ms & 71.801 & 396,848,304.137 \\ \hline
216-Colors & Floyd & Relevance 2 & 452ms & 46.309 & 615,297,068.435 \\ \hline
216-Colors & Ordered & Relevance 2 & 457ms & 72.11 & 395,143,698.539 \\ \hline
216-Colors & Jarvis & Relevance 2 & 462ms & 45.153 & 631,047,683.398 \\ \hline
216-Colors & Relevance & Relevance 2 & 446ms & 47.079 & 605,240,487.076 \\ \hline
2-Colors & Floyd & Direct X & 20ms & 207.579 & 137,267,711.46 \\ \hline
2-Colors & Ordered & Direct X & 20ms & 182.602 & 156,043,672.319 \\ \hline
2-Colors & Jarvis & Direct X & 20ms & 206.719 & 137,838,982.096 \\ \hline
2-Colors & Relevance & Direct X & 20ms & 207.659 & 137,215,064.334 \\ \hline
8-Colors & Floyd & Direct X & 20ms & 195.999 & 145,377,586.777 \\ \hline
8-Colors & Ordered & Direct X & 21ms & 158.707 & 179,537,513.824 \\ \hline
8-Colors & Jarvis & Direct X & 20ms & 194.844 & 146,239,903.402 \\ \hline
8-Colors & Relevance & Direct X & 27ms & 196.091 & 145,309,495.793 \\ \hline
16-Colors & Floyd & Direct X & 24ms & 67.93 & 419,461,504.667 \\ \hline
16-Colors & Ordered & Direct X & 20ms & 83.479 & 341,328,508.086 \\ \hline
16-Colors & Jarvis & Direct X & 20ms & 65.18 & 437,156,332.018 \\ \hline
16-Colors & Relevance & Direct X & 20ms & 67.523 & 421,987,697.413 \\ \hline
216-Colors & Floyd & Direct X & 20ms & 31.172 & 914,077,355.897 \\ \hline
216-Colors & Ordered & Direct X & 20ms & 69.399 & 410,581,169.049 \\ \hline
216-Colors & Jarvis & Direct X & 21ms & 28.646 & 994,686,654.307 \\ \hline
216-Colors & Relevance & Direct X & 20ms & 30.686 & 928,574,673.715 \\ \hline
2-Colors & Floyd & Ericsson & 57ms & 205.145 & 138,896,482.525 \\ \hline
2-Colors & Ordered & Ericsson & 56ms & 181.174 & 157,273,752.373 \\ \hline
2-Colors & Jarvis & Ericsson & 58ms & 204.367 & 139,424,975.31 \\ \hline
2-Colors & Relevance & Ericsson & 87ms & 205.439 & 138,697,861.649 \\ \hline
8-Colors & Floyd & Ericsson & 57ms & 132.201 & 215,534,423.937 \\ \hline
8-Colors & Ordered & Ericsson & 56ms & 144.394 & 197,334,704.827 \\ \hline
8-Colors & Jarvis & Ericsson & 58ms & 135.58 & 210,163,751.634 \\ \hline
8-Colors & Relevance & Ericsson & 64ms & 132.58 & 214,918,067.368 \\ \hline
16-Colors & Floyd & Ericsson & 56ms & 45.743 & 622,914,391.202 \\ \hline
16-Colors & Ordered & Ericsson & 56ms & 77.557 & 367,390,965.039 \\ \hline
16-Colors & Jarvis & Ericsson & 56ms & 43.682 & 652,303,481.497 \\ \hline
16-Colors & Relevance & Ericsson & 56ms & 45.187 & 630,581,842.647 \\ \hline
216-Colors & Floyd & Ericsson & 56ms & 23.24 & 1,226,060,405.924 \\ \hline
216-Colors & Ordered & Ericsson & 55ms & 68.377 & 416,719,478.522 \\ \hline
216-Colors & Jarvis & Ericsson & 57ms & 22.803 & 1,249,559,372.889 \\ \hline
216-Colors & Relevance & Ericsson & 56ms & 23.15 & 1,230,862,285.011 \\ \hline
\multicolumn{6}{ |c| }{Wood} \\ \hline
2-Colors & Floyd & Relevance 1 v1 & 329ms & 228.457 & 128,973,921.555 \\ \hline
2-Colors & Ordered & Relevance 1 v1 & 371ms & 218.331 & 134,955,379.613 \\ \hline
2-Colors & Jarvis & Relevance 1 v1 & 314ms & 228.706 & 128,833,659.625 \\ \hline
2-Colors & Relevance & Relevance 1 v1 & 318ms & 228.756 & 128,805,468.647 \\ \hline
8-Colors & Floyd & Relevance 1 v1 & 327ms & 205.403 & 143,449,681.819 \\ \hline
8-Colors & Ordered & Relevance 1 v1 & 369ms & 161.053 & 182,952,559.68 \\ \hline
8-Colors & Jarvis & Relevance 1 v1 & 310ms & 205.239 & 143,564,185.423 \\ \hline
8-Colors & Relevance & Relevance 1 v1 & 324ms & 205.657 & 143,272,472.702 \\ \hline
16-Colors & Floyd & Relevance 1 v1 & 336ms & 78.297 & 376,320,841.662 \\ \hline
16-Colors & Ordered & Relevance 1 v1 & 376ms & 58.379 & 504,717,528.559 \\ \hline
16-Colors & Jarvis & Relevance 1 v1 & 308ms & 77.511 & 380,141,295.872 \\ \hline
16-Colors & Relevance & Relevance 1 v1 & 320ms & 78.115 & 377,200,621.749 \\ \hline
216-Colors & Floyd & Relevance 1 v1 & 327ms & 34.677 & 849,702,485.1 \\ \hline
216-Colors & Ordered & Relevance 1 v1 & 368ms & 43.571 & 676,245,253.152 \\ \hline
216-Colors & Jarvis & Relevance 1 v1 & 309ms & 33.941 & 868,122,172.274 \\ \hline
216-Colors & Relevance & Relevance 1 v1 & 316ms & 34.542 & 853,016,183.149 \\ \hline
2-Colors & Floyd & Relevance 1 v2 & 334ms & 209.761 & 140,469,395.785 \\ \hline
2-Colors & Ordered & Relevance 1 v2 & 380ms & 197.119 & 149,478,119.611 \\ \hline
2-Colors & Jarvis & Relevance 1 v2 & 317ms & 200.729 & 146,789,517.313 \\ \hline
2-Colors & Relevance & Relevance 1 v2 & 326ms & 208.637 & 141,225,953.016 \\ \hline
8-Colors & Floyd & Relevance 1 v2 & 336ms & 183.705 & 160,393,099.038 \\ \hline
8-Colors & Ordered & Relevance 1 v2 & 402ms & 151.612 & 194,344,756.776 \\ \hline
8-Colors & Jarvis & Relevance 1 v2 & 318ms & 177.071 & 166,401,863.539 \\ \hline
8-Colors & Relevance & Relevance 1 v2 & 323ms & 177.714 & 165,799,924.388 \\ \hline
16-Colors & Floyd & Relevance 1 v2 & 332ms & 68.341 & 431,146,596.08 \\ \hline
16-Colors & Ordered & Relevance 1 v2 & 383ms & 51.94 & 567,289,377.291 \\ \hline
16-Colors & Jarvis & Relevance 1 v2 & 321ms & 66.683 & 441,864,823.094 \\ \hline
16-Colors & Relevance & Relevance 1 v2 & 326ms & 67.589 & 435,944,128.429 \\ \hline
216-Colors & Floyd & Relevance 1 v2 & 332ms & 30.58 & 963,522,028.01 \\ \hline
216-Colors & Ordered & Relevance 1 v2 & 382ms & 39.411 & 747,625,045.994 \\ \hline
216-Colors & Jarvis & Relevance 1 v2 & 318ms & 29.418 & 1,001,581,523.282 \\ \hline
216-Colors & Relevance & Relevance 1 v2 & 339ms & 30.023 & 981,404,410.567 \\ \hline
2-Colors & Floyd & Relevance 2 & 514ms & 228.753 & 128,806,817.895 \\ \hline
2-Colors & Ordered & Relevance 2 & 480ms & 237.99 & 123,807,699.143 \\ \hline
2-Colors & Jarvis & Relevance 2 & 473ms & 228.683 & 128,846,306.069 \\ \hline
2-Colors & Relevance & Relevance 2 & 470ms & 228.74 & 128,814,019.791 \\ \hline
8-Colors & Floyd & Relevance 2 & 454ms & 205.341 & 143,492,806.627 \\ \hline
8-Colors & Ordered & Relevance 2 & 482ms & 179.312 & 164,322,369.947 \\ \hline
8-Colors & Jarvis & Relevance 2 & 463ms & 205.186 & 143,601,580.355 \\ \hline
8-Colors & Relevance & Relevance 2 & 466ms & 205.368 & 143,474,242.277 \\ \hline
16-Colors & Floyd & Relevance 2 & 485ms & 78.228 & 376,654,875.428 \\ \hline
16-Colors & Ordered & Relevance 2 & 498ms & 82.079 & 358,981,539.76 \\ \hline
16-Colors & Jarvis & Relevance 2 & 466ms & 77.349 & 380,933,563.849 \\ \hline
16-Colors & Relevance & Relevance 2 & 464ms & 78.053 & 377,499,766.376 \\ \hline
216-Colors & Floyd & Relevance 2 & 476ms & 35.172 & 837,740,182.611 \\ \hline
216-Colors & Ordered & Relevance 2 & 488ms & 69.059 & 426,666,097.012 \\ \hline
216-Colors & Jarvis & Relevance 2 & 470ms & 34.241 & 860,525,930.093 \\ \hline
216-Colors & Relevance & Relevance 2 & 464ms & 34.978 & 842,379,162.037 \\ \hline
2-Colors & Floyd & Direct X & 20ms & 228.753 & 128,806,817.895 \\ \hline
2-Colors & Ordered & Direct X & 20ms & 237.99 & 123,807,699.143 \\ \hline
2-Colors & Jarvis & Direct X & 20ms & 228.683 & 128,846,306.069 \\ \hline
2-Colors & Relevance & Direct X & 20ms & 228.74 & 128,814,019.791 \\ \hline
8-Colors & Floyd & Direct X & 20ms & 205.341 & 143,492,806.627 \\ \hline
8-Colors & Ordered & Direct X & 20ms & 179.312 & 164,322,369.947 \\ \hline
8-Colors & Jarvis & Direct X & 20ms & 205.186 & 143,601,580.355 \\ \hline
8-Colors & Relevance & Direct X & 19ms & 205.368 & 143,474,242.277 \\ \hline
16-Colors & Floyd & Direct X & 20ms & 78.228 & 376,654,875.428 \\ \hline
16-Colors & Ordered & Direct X & 20ms & 82.079 & 358,981,539.76 \\ \hline
16-Colors & Jarvis & Direct X & 20ms & 77.349 & 380,933,563.849 \\ \hline
16-Colors & Relevance & Direct X & 24ms & 78.053 & 377,499,766.376 \\ \hline
216-Colors & Floyd & Direct X & 20ms & 34.488 & 854,344,021.913 \\ \hline
216-Colors & Ordered & Direct X & 20ms & 69.105 & 426,379,841.171 \\ \hline
216-Colors & Jarvis & Direct X & 20ms & 33.559 & 878,001,810.09 \\ \hline
216-Colors & Relevance & Direct X & 20ms & 34.324 & 858,425,647.366 \\ \hline
2-Colors & Floyd & Ericsson & 58ms & 228.624 & 128,879,553.514 \\ \hline
2-Colors & Ordered & Ericsson & 55ms & 236.588 & 124,541,171.332 \\ \hline
2-Colors & Jarvis & Ericsson & 57ms & 228.434 & 128,986,812.236 \\ \hline
2-Colors & Relevance & Ericsson & 57ms & 228.623 & 128,880,441.106 \\ \hline
8-Colors & Floyd & Ericsson & 58ms & 149.529 & 197,052,118.977 \\ \hline
8-Colors & Ordered & Ericsson & 57ms & 144.337 & 204,140,803.964 \\ \hline
8-Colors & Jarvis & Ericsson & 61ms & 152.189 & 193,607,226.018 \\ \hline
8-Colors & Relevance & Ericsson & 59ms & 149.723 & 196,796,272.341 \\ \hline
16-Colors & Floyd & Ericsson & 56ms & 56.508 & 521,431,460.832 \\ \hline
16-Colors & Ordered & Ericsson & 55ms & 76.332 & 386,012,264.032 \\ \hline
16-Colors & Jarvis & Ericsson & 56ms & 54.554 & 540,104,291.742 \\ \hline
16-Colors & Relevance & Ericsson & 56ms & 56.903 & 517,810,462.638 \\ \hline
216-Colors & Floyd & Ericsson & 55ms & 22.862 & 1,288,835,380.543 \\ \hline
216-Colors & Ordered & Ericsson & 56ms & 67.921 & 433,810,350.567 \\ \hline
216-Colors & Jarvis & Ericsson & 56ms & 23.611 & 1,247,958,058.807 \\ \hline
216-Colors & Relevance & Ericsson & 56ms & 22.809 & 1,291,812,776.785 \\ \hline
