2-Colors & Floyd & 156ms & 214.174 & 196,552,397.51 \\ \hline
2-Colors & Ordered & 47ms & 194.689 & 216,223,977.753 \\ \hline
2-Colors & Jarvis & 218ms & 207.04 & 203,324,873.64 \\ \hline
2-Colors & Relevance & 156ms & 213.559 & 197,119,007.129 \\ \hline
8-Colors & Floyd & 187ms & 194.005 & 216,986,053.166 \\ \hline
8-Colors & Ordered & 62ms & 169.463 & 248,410,852.54 \\ \hline
8-Colors & Jarvis & 249ms & 185.09 & 227,437,488.701 \\ \hline
8-Colors & Relevance & 188ms & 193.305 & 217,772,444.172 \\ \hline
16-Colors & Floyd & 218ms & 85.012 & 495,181,809.812 \\ \hline
16-Colors & Ordered & 109ms & 88.174 & 477,426,197.786 \\ \hline
16-Colors & Jarvis & 265ms & 78.367 & 537,173,450.623 \\ \hline
16-Colors & Relevance & 219ms & 84.973 & 495,411,303.21 \\ \hline
216-Colors & Floyd & 983ms & 31.175 & 1,350,323,432.676 \\ \hline
216-Colors & Ordered & 889ms & 68.005 & 619,023,622.822 \\ \hline
216-Colors & Jarvis & 1029ms & 28.652 & 1,469,208,478.104 \\ \hline
216-Colors & Relevance & 982ms & 30.606 & 1,375,443,873.434 \\ \hline
\multicolumn{5}{ |c| }{Bamboo} \\ \hline
2-Colors & Floyd & 156ms & 223.108 & 151,761,859.581 \\ \hline
2-Colors & Ordered & 47ms & 210.337 & 160,976,397.902 \\ \hline
2-Colors & Jarvis & 203ms & 223.162 & 151,725,183.645 \\ \hline
2-Colors & Relevance & 156ms & 223.125 & 151,750,261.88 \\ \hline
8-Colors & Floyd & 172ms & 191.285 & 177,009,649.207 \\ \hline
8-Colors & Ordered & 78ms & 156.865 & 215,848,873.953 \\ \hline
8-Colors & Jarvis & 234ms & 191.287 & 177,007,891.603 \\ \hline
8-Colors & Relevance & 187ms & 191.313 & 176,983,648.136 \\ \hline
16-Colors & Floyd & 218ms & 59.759 & 566,597,746.163 \\ \hline
16-Colors & Ordered & 109ms & 74.454 & 454,769,874.898 \\ \hline
16-Colors & Jarvis & 265ms & 57.195 & 591,991,400.98 \\ \hline
16-Colors & Relevance & 265ms & 58.821 & 575,633,960.664 \\ \hline
216-Colors & Floyd & 977ms & 33.353 & 1,015,172,756.691 \\ \hline
216-Colors & Ordered & 879ms & 68.504 & 494,270,168.871 \\ \hline
216-Colors & Jarvis & 1015ms & 31.529 & 1,073,923,583.721 \\ \hline
216-Colors & Relevance & 984ms & 32.884 & 1,029,658,169.317 \\ \hline
\multicolumn{5}{ |c| }{Carpet} \\ \hline
2-Colors & Floyd & 156ms & 218.58 & 177,963,562.519 \\ \hline
2-Colors & Ordered & 48ms & 209.209 & 185,934,963.338 \\ \hline
2-Colors & Jarvis & 218ms & 217.444 & 178,893,269.622 \\ \hline
2-Colors & Relevance & 163ms & 218.484 & 178,041,067.953 \\ \hline
8-Colors & Floyd & 181ms & 209.902 & 185,320,997.499 \\ \hline
8-Colors & Ordered & 70ms & 193.34 & 201,195,846.624 \\ \hline
8-Colors & Jarvis & 244ms & 208.651 & 186,431,543.715 \\ \hline
8-Colors & Relevance & 188ms & 209.891 & 185,330,175.626 \\ \hline
16-Colors & Floyd & 212ms & 75.386 & 516,003,269.293 \\ \hline
16-Colors & Ordered & 107ms & 86.271 & 450,894,550.353 \\ \hline
16-Colors & Jarvis & 271ms & 72.906 & 533,550,613.12 \\ \hline
16-Colors & Relevance & 222ms & 75.049 & 518,318,380.49 \\ \hline
216-Colors & Floyd & 955ms & 31.84 & 1,221,703,638.878 \\ \hline
216-Colors & Ordered & 860ms & 69.418 & 560,360,145.468 \\ \hline
216-Colors & Jarvis & 1005ms & 28.8 & 1,350,671,216.249 \\ \hline
216-Colors & Relevance & 979ms & 31.302 & 1,242,707,962.068 \\ \hline
\multicolumn{5}{ |c| }{Concrete} \\ \hline
2-Colors & Floyd & 157ms & 208.935 & 342,193,715.759 \\ \hline
2-Colors & Ordered & 45ms & 146.213 & 488,985,861.765 \\ \hline
2-Colors & Jarvis & 223ms & 208.764 & 342,472,776.828 \\ \hline
2-Colors & Relevance & 164ms & 208.973 & 342,131,114.81 \\ \hline
8-Colors & Floyd & 180ms & 201.447 & 354,912,087.026 \\ \hline
8-Colors & Ordered & 67ms & 146.212 & 488,988,109 \\ \hline
8-Colors & Jarvis & 240ms & 201.245 & 355,269,836.413 \\ \hline
8-Colors & Relevance & 193ms & 201.474 & 354,865,573.391 \\ \hline
16-Colors & Floyd & 225ms & 57.436 & 1,244,800,127.07 \\ \hline
16-Colors & Ordered & 101ms & 72.411 & 987,363,065.478 \\ \hline
16-Colors & Jarvis & 279ms & 57.063 & 1,252,927,690.793 \\ \hline
16-Colors & Relevance & 219ms & 57.466 & 1,244,153,043.458 \\ \hline
216-Colors & Floyd & 976ms & 31.536 & 2,267,150,707.221 \\ \hline
216-Colors & Ordered & 889ms & 69.296 & 1,031,743,253.768 \\ \hline
216-Colors & Jarvis & 1089ms & 31.015 & 2,305,193,081.657 \\ \hline
216-Colors & Relevance & 994ms & 31.488 & 2,270,615,818.127 \\ \hline
\multicolumn{5}{ |c| }{Grass} \\ \hline
2-Colors & Floyd & 157ms & 222.793 & 120,296,867.498 \\ \hline
2-Colors & Ordered & 46ms & 230.631 & 116,208,625.841 \\ \hline
2-Colors & Jarvis & 219ms & 220.611 & 121,486,661.769 \\ \hline
2-Colors & Relevance & 164ms & 222.751 & 120,319,819.539 \\ \hline
8-Colors & Floyd & 178ms & 206.031 & 130,083,930.628 \\ \hline
8-Colors & Ordered & 69ms & 186.744 & 143,518,938.026 \\ \hline
8-Colors & Jarvis & 239ms & 203.75 & 131,540,397.042 \\ \hline
8-Colors & Relevance & 189ms & 206 & 130,103,408.22 \\ \hline
16-Colors & Floyd & 214ms & 81.631 & 328,321,226.555 \\ \hline
16-Colors & Ordered & 107ms & 88.89 & 301,511,946.203 \\ \hline
16-Colors & Jarvis & 268ms & 79.032 & 339,120,424.239 \\ \hline
16-Colors & Relevance & 227ms & 81.589 & 328,492,180.713 \\ \hline
216-Colors & Floyd & 965ms & 32.134 & 834,040,025.062 \\ \hline
216-Colors & Ordered & 872ms & 69.51 & 385,577,053.197 \\ \hline
216-Colors & Jarvis & 993ms & 29.495 & 908,682,383.523 \\ \hline
216-Colors & Relevance & 956ms & 31.777 & 843,419,931.106 \\ \hline
\multicolumn{5}{ |c| }{Lena} \\ \hline
2-Colors & Floyd & 157ms & 219.178 & 196,677,184.156 \\ \hline
2-Colors & Ordered & 46ms & 193.86 & 222,363,483.601 \\ \hline
2-Colors & Jarvis & 218ms & 217.771 & 197,947,984.61 \\ \hline
2-Colors & Relevance & 164ms & 219.232 & 196,629,164.544 \\ \hline
8-Colors & Floyd & 180ms & 195.065 & 220,990,269.531 \\ \hline
8-Colors & Ordered & 69ms & 169.681 & 254,049,862.007 \\ \hline
8-Colors & Jarvis & 240ms & 193.062 & 223,282,299.874 \\ \hline
8-Colors & Relevance & 186ms & 195.112 & 220,936,338.647 \\ \hline
16-Colors & Floyd & 208ms & 121.941 & 353,511,670.027 \\ \hline
16-Colors & Ordered & 107ms & 82.906 & 519,953,626.805 \\ \hline
16-Colors & Jarvis & 264ms & 111.776 & 385,657,309.253 \\ \hline
16-Colors & Relevance & 216ms & 119.687 & 360,167,191.184 \\ \hline
216-Colors & Floyd & 983ms & 34.344 & 1,255,175,651.949 \\ \hline
216-Colors & Ordered & 867ms & 67.562 & 638,043,169.492 \\ \hline
216-Colors & Jarvis & 1016ms & 32.416 & 1,329,833,823.785 \\ \hline
216-Colors & Relevance & 1008ms & 34.087 & 1,264,622,474.905 \\ \hline
\multicolumn{5}{ |c| }{Pattern} \\ \hline
2-Colors & Floyd & 157ms & 207.579 & 137,267,711.46 \\ \hline
2-Colors & Ordered & 46ms & 182.602 & 156,043,672.319 \\ \hline
2-Colors & Jarvis & 218ms & 206.719 & 137,838,982.096 \\ \hline
2-Colors & Relevance & 164ms & 207.659 & 137,215,064.334 \\ \hline
8-Colors & Floyd & 178ms & 195.999 & 145,377,586.777 \\ \hline
8-Colors & Ordered & 69ms & 158.707 & 179,537,513.824 \\ \hline
8-Colors & Jarvis & 238ms & 194.844 & 146,239,903.402 \\ \hline
8-Colors & Relevance & 187ms & 196.091 & 145,309,495.793 \\ \hline
16-Colors & Floyd & 215ms & 67.93 & 419,461,504.667 \\ \hline
16-Colors & Ordered & 107ms & 83.479 & 341,328,508.086 \\ \hline
16-Colors & Jarvis & 278ms & 65.18 & 437,156,332.018 \\ \hline
16-Colors & Relevance & 219ms & 67.523 & 421,987,697.413 \\ \hline
216-Colors & Floyd & 932ms & 31.172 & 914,077,355.897 \\ \hline
216-Colors & Ordered & 873ms & 69.399 & 410,581,169.049 \\ \hline
216-Colors & Jarvis & 1009ms & 28.646 & 994,686,654.307 \\ \hline
216-Colors & Relevance & 941ms & 30.686 & 928,574,673.715 \\ \hline
2-Colors & Floyd & 157ms & 207.579 & 137,267,711.46 \\ \hline
2-Colors & Ordered & 48ms & 182.602 & 156,043,672.319 \\ \hline
2-Colors & Jarvis & 219ms & 206.719 & 137,838,982.096 \\ \hline
2-Colors & Relevance & 164ms & 207.659 & 137,215,064.334 \\ \hline
8-Colors & Floyd & 188ms & 195.999 & 145,377,586.777 \\ \hline
8-Colors & Ordered & 72ms & 158.707 & 179,537,513.824 \\ \hline
8-Colors & Jarvis & 238ms & 194.844 & 146,239,903.402 \\ \hline
8-Colors & Relevance & 188ms & 196.091 & 145,309,495.793 \\ \hline
16-Colors & Floyd & 216ms & 67.93 & 419,461,504.667 \\ \hline
16-Colors & Ordered & 118ms & 83.479 & 341,328,508.086 \\ \hline
16-Colors & Jarvis & 272ms & 65.18 & 437,156,332.018 \\ \hline
16-Colors & Relevance & 221ms & 67.523 & 421,987,697.413 \\ \hline
216-Colors & Floyd & 943ms & 31.172 & 914,077,355.897 \\ \hline
216-Colors & Ordered & 869ms & 69.399 & 410,581,169.049 \\ \hline
216-Colors & Jarvis & 996ms & 28.646 & 994,686,654.307 \\ \hline
216-Colors & Relevance & 948ms & 30.686 & 928,574,673.715 \\ \hline
\multicolumn{5}{ |c| }{Wood} \\ \hline
2-Colors & Floyd & 190ms & 228.753 & 128,806,817.895 \\ \hline
2-Colors & Ordered & 46ms & 237.99 & 123,807,699.143 \\ \hline
2-Colors & Jarvis & 218ms & 228.683 & 128,846,306.069 \\ \hline
2-Colors & Relevance & 163ms & 228.74 & 128,814,019.791 \\ \hline
8-Colors & Floyd & 178ms & 205.341 & 143,492,806.627 \\ \hline
8-Colors & Ordered & 68ms & 179.312 & 164,322,369.947 \\ \hline
8-Colors & Jarvis & 236ms & 205.186 & 143,601,580.355 \\ \hline
8-Colors & Relevance & 187ms & 205.368 & 143,474,242.277 \\ \hline
16-Colors & Floyd & 212ms & 78.228 & 376,654,875.428 \\ \hline
16-Colors & Ordered & 106ms & 82.079 & 358,981,539.76 \\ \hline
16-Colors & Jarvis & 273ms & 77.349 & 380,933,563.849 \\ \hline
16-Colors & Relevance & 221ms & 78.053 & 377,499,766.376 \\ \hline
216-Colors & Floyd & 1094ms & 34.488 & 854,344,021.913 \\ \hline
216-Colors & Ordered & 902ms & 69.105 & 426,379,841.171 \\ \hline
216-Colors & Jarvis & 1034ms & 33.559 & 878,001,810.09 \\ \hline
216-Colors & Relevance & 953ms & 34.324 & 858,425,647.366 \\ \hline